{"C:\\Users\\kenny\\workspaces\\js-spec\\src\\main\\api\\Spec.ts":{"path":"C:\\Users\\kenny\\workspaces\\js-spec\\src\\main\\api\\Spec.ts","statementMap":{"0":{"start":{"line":2,"column":22},"end":{"line":4,"column":1}},"1":{"start":{"line":3,"column":4},"end":{"line":3,"column":62}},"2":{"start":{"line":5,"column":0},"end":{"line":5,"column":62}},"3":{"start":{"line":6,"column":18},"end":{"line":6,"column":57}},"4":{"start":{"line":7,"column":24},"end":{"line":7,"column":79}},"5":{"start":{"line":8,"column":11},"end":{"line":644,"column":1}},"6":{"start":{"line":10,"column":8},"end":{"line":10,"column":33}},"7":{"start":{"line":12,"column":38},"end":{"line":12,"column":50}},"8":{"start":{"line":14,"column":8},"end":{"line":14,"column":67}},"9":{"start":{"line":14,"column":46},"end":{"line":14,"column":59}},"10":{"start":{"line":16,"column":44},"end":{"line":18,"column":28}},"11":{"start":{"line":19,"column":43},"end":{"line":21,"column":29}},"12":{"start":{"line":22,"column":51},"end":{"line":24,"column":38}},"13":{"start":{"line":25,"column":54},"end":{"line":27,"column":41}},"14":{"start":{"line":28,"column":51},"end":{"line":30,"column":38}},"15":{"start":{"line":31,"column":54},"end":{"line":33,"column":41}},"16":{"start":{"line":34,"column":42},"end":{"line":38,"column":34}},"17":{"start":{"line":39,"column":50},"end":{"line":43,"column":43}},"18":{"start":{"line":44,"column":53},"end":{"line":48,"column":46}},"19":{"start":{"line":49,"column":50},"end":{"line":53,"column":43}},"20":{"start":{"line":54,"column":53},"end":{"line":58,"column":46}},"21":{"start":{"line":59,"column":44},"end":{"line":63,"column":36}},"22":{"start":{"line":64,"column":52},"end":{"line":68,"column":44}},"23":{"start":{"line":69,"column":55},"end":{"line":73,"column":47}},"24":{"start":{"line":74,"column":52},"end":{"line":78,"column":44}},"25":{"start":{"line":79,"column":55},"end":{"line":83,"column":47}},"26":{"start":{"line":84,"column":43},"end":{"line":86,"column":27}},"27":{"start":{"line":87,"column":45},"end":{"line":89,"column":29}},"28":{"start":{"line":90,"column":43},"end":{"line":92,"column":29}},"29":{"start":{"line":93,"column":45},"end":{"line":95,"column":31}},"30":{"start":{"line":96,"column":43},"end":{"line":98,"column":30}},"31":{"start":{"line":99,"column":42},"end":{"line":101,"column":29}},"32":{"start":{"line":102,"column":45},"end":{"line":107,"column":29}},"33":{"start":{"line":108,"column":47},"end":{"line":112,"column":34}},"34":{"start":{"line":113,"column":41},"end":{"line":115,"column":33}},"35":{"start":{"line":116,"column":46},"end":{"line":118,"column":42}},"36":{"start":{"line":119,"column":44},"end":{"line":121,"column":38}},"37":{"start":{"line":122,"column":48},"end":{"line":124,"column":15}},"38":{"start":{"line":126,"column":8},"end":{"line":128,"column":50}},"39":{"start":{"line":126,"column":46},"end":{"line":128,"column":46}},"40":{"start":{"line":131,"column":8},"end":{"line":133,"column":54}},"41":{"start":{"line":131,"column":46},"end":{"line":133,"column":50}},"42":{"start":{"line":136,"column":8},"end":{"line":138,"column":46}},"43":{"start":{"line":136,"column":46},"end":{"line":138,"column":42}},"44":{"start":{"line":141,"column":8},"end":{"line":143,"column":50}},"45":{"start":{"line":141,"column":46},"end":{"line":143,"column":46}},"46":{"start":{"line":146,"column":8},"end":{"line":148,"column":57}},"47":{"start":{"line":146,"column":52},"end":{"line":148,"column":53}},"48":{"start":{"line":151,"column":8},"end":{"line":153,"column":57}},"49":{"start":{"line":151,"column":52},"end":{"line":153,"column":53}},"50":{"start":{"line":156,"column":8},"end":{"line":160,"column":11}},"51":{"start":{"line":157,"column":12},"end":{"line":159,"column":57}},"52":{"start":{"line":163,"column":8},"end":{"line":163,"column":61}},"53":{"start":{"line":163,"column":34},"end":{"line":163,"column":59}},"54":{"start":{"line":164,"column":23},"end":{"line":164,"column":65}},"55":{"start":{"line":164,"column":37},"end":{"line":164,"column":63}},"56":{"start":{"line":165,"column":8},"end":{"line":167,"column":11}},"57":{"start":{"line":166,"column":12},"end":{"line":166,"column":56}},"58":{"start":{"line":170,"column":20},"end":{"line":170,"column":22}},"59":{"start":{"line":171,"column":8},"end":{"line":173,"column":9}},"60":{"start":{"line":172,"column":12},"end":{"line":172,"column":38}},"61":{"start":{"line":174,"column":8},"end":{"line":178,"column":11}},"62":{"start":{"line":175,"column":12},"end":{"line":177,"column":56}},"63":{"start":{"line":175,"column":50},"end":{"line":175,"column":69}},"64":{"start":{"line":181,"column":8},"end":{"line":202,"column":11}},"65":{"start":{"line":182,"column":22},"end":{"line":182,"column":54}},"66":{"start":{"line":183,"column":12},"end":{"line":200,"column":13}},"67":{"start":{"line":184,"column":32},"end":{"line":184,"column":33}},"68":{"start":{"line":185,"column":16},"end":{"line":193,"column":17}},"69":{"start":{"line":186,"column":20},"end":{"line":186,"column":42}},"70":{"start":{"line":189,"column":20},"end":{"line":192,"column":21}},"71":{"start":{"line":190,"column":35},"end":{"line":190,"column":43}},"72":{"start":{"line":191,"column":24},"end":{"line":191,"column":36}},"73":{"start":{"line":194,"column":35},"end":{"line":196,"column":60}},"74":{"start":{"line":197,"column":16},"end":{"line":199,"column":17}},"75":{"start":{"line":198,"column":20},"end":{"line":198,"column":43}},"76":{"start":{"line":201,"column":12},"end":{"line":201,"column":23}},"77":{"start":{"line":205,"column":8},"end":{"line":207,"column":9}},"78":{"start":{"line":206,"column":12},"end":{"line":206,"column":90}},"79":{"start":{"line":208,"column":8},"end":{"line":213,"column":11}},"80":{"start":{"line":209,"column":12},"end":{"line":209,"column":49}},"81":{"start":{"line":209,"column":35},"end":{"line":209,"column":47}},"82":{"start":{"line":210,"column":12},"end":{"line":212,"column":53}},"83":{"start":{"line":216,"column":8},"end":{"line":218,"column":9}},"84":{"start":{"line":217,"column":12},"end":{"line":217,"column":87}},"85":{"start":{"line":219,"column":8},"end":{"line":224,"column":11}},"86":{"start":{"line":220,"column":12},"end":{"line":220,"column":49}},"87":{"start":{"line":220,"column":35},"end":{"line":220,"column":47}},"88":{"start":{"line":221,"column":12},"end":{"line":223,"column":55}},"89":{"start":{"line":227,"column":8},"end":{"line":240,"column":11}},"90":{"start":{"line":228,"column":12},"end":{"line":228,"column":49}},"91":{"start":{"line":228,"column":35},"end":{"line":228,"column":47}},"92":{"start":{"line":229,"column":22},"end":{"line":229,"column":51}},"93":{"start":{"line":230,"column":12},"end":{"line":238,"column":13}},"94":{"start":{"line":231,"column":16},"end":{"line":237,"column":17}},"95":{"start":{"line":232,"column":34},"end":{"line":232,"column":64}},"96":{"start":{"line":232,"column":75},"end":{"line":232,"column":119}},"97":{"start":{"line":233,"column":20},"end":{"line":236,"column":21}},"98":{"start":{"line":234,"column":24},"end":{"line":234,"column":37}},"99":{"start":{"line":235,"column":24},"end":{"line":235,"column":30}},"100":{"start":{"line":239,"column":12},"end":{"line":239,"column":23}},"101":{"start":{"line":243,"column":8},"end":{"line":256,"column":11}},"102":{"start":{"line":244,"column":12},"end":{"line":244,"column":49}},"103":{"start":{"line":244,"column":35},"end":{"line":244,"column":47}},"104":{"start":{"line":245,"column":22},"end":{"line":245,"column":26}},"105":{"start":{"line":246,"column":12},"end":{"line":254,"column":13}},"106":{"start":{"line":247,"column":16},"end":{"line":247,"column":41}},"107":{"start":{"line":249,"column":17},"end":{"line":254,"column":13}},"108":{"start":{"line":250,"column":16},"end":{"line":250,"column":55}},"109":{"start":{"line":253,"column":16},"end":{"line":253,"column":84}},"110":{"start":{"line":255,"column":12},"end":{"line":255,"column":23}},"111":{"start":{"line":259,"column":8},"end":{"line":268,"column":11}},"112":{"start":{"line":260,"column":22},"end":{"line":260,"column":26}},"113":{"start":{"line":261,"column":12},"end":{"line":266,"column":13}},"114":{"start":{"line":262,"column":16},"end":{"line":262,"column":41}},"115":{"start":{"line":264,"column":17},"end":{"line":266,"column":13}},"116":{"start":{"line":265,"column":16},"end":{"line":265,"column":50}},"117":{"start":{"line":267,"column":12},"end":{"line":267,"column":23}},"118":{"start":{"line":271,"column":8},"end":{"line":276,"column":11}},"119":{"start":{"line":272,"column":12},"end":{"line":272,"column":49}},"120":{"start":{"line":272,"column":35},"end":{"line":272,"column":47}},"121":{"start":{"line":273,"column":12},"end":{"line":275,"column":34}},"122":{"start":{"line":279,"column":29},"end":{"line":279,"column":44}},"123":{"start":{"line":279,"column":64},"end":{"line":279,"column":87}},"124":{"start":{"line":280,"column":8},"end":{"line":289,"column":9}},"125":{"start":{"line":283,"column":12},"end":{"line":284,"column":63}},"126":{"start":{"line":286,"column":13},"end":{"line":289,"column":9}},"127":{"start":{"line":287,"column":12},"end":{"line":288,"column":33}},"128":{"start":{"line":290,"column":8},"end":{"line":315,"column":11}},"129":{"start":{"line":292,"column":12},"end":{"line":310,"column":13}},"130":{"start":{"line":293,"column":16},"end":{"line":293,"column":34}},"131":{"start":{"line":295,"column":17},"end":{"line":310,"column":13}},"132":{"start":{"line":296,"column":16},"end":{"line":296,"column":37}},"133":{"start":{"line":299,"column":16},"end":{"line":299,"column":27}},"134":{"start":{"line":300,"column":16},"end":{"line":309,"column":17}},"135":{"start":{"line":301,"column":30},"end":{"line":301,"column":41}},"136":{"start":{"line":302,"column":20},"end":{"line":308,"column":21}},"137":{"start":{"line":303,"column":24},"end":{"line":303,"column":43}},"138":{"start":{"line":306,"column":24},"end":{"line":306,"column":42}},"139":{"start":{"line":307,"column":24},"end":{"line":307,"column":30}},"140":{"start":{"line":311,"column":26},"end":{"line":313,"column":26}},"141":{"start":{"line":314,"column":12},"end":{"line":314,"column":85}},"142":{"start":{"line":318,"column":8},"end":{"line":320,"column":23}},"143":{"start":{"line":318,"column":46},"end":{"line":320,"column":19}},"144":{"start":{"line":323,"column":8},"end":{"line":325,"column":50}},"145":{"start":{"line":323,"column":46},"end":{"line":325,"column":46}},"146":{"start":{"line":328,"column":8},"end":{"line":330,"column":54}},"147":{"start":{"line":328,"column":46},"end":{"line":330,"column":50}},"148":{"start":{"line":333,"column":8},"end":{"line":335,"column":47}},"149":{"start":{"line":333,"column":46},"end":{"line":335,"column":43}},"150":{"start":{"line":338,"column":8},"end":{"line":340,"column":51}},"151":{"start":{"line":338,"column":46},"end":{"line":340,"column":47}},"152":{"start":{"line":343,"column":8},"end":{"line":343,"column":60}},"153":{"start":{"line":343,"column":38},"end":{"line":343,"column":58}},"154":{"start":{"line":344,"column":8},"end":{"line":344,"column":62}},"155":{"start":{"line":344,"column":39},"end":{"line":344,"column":60}},"156":{"start":{"line":345,"column":8},"end":{"line":355,"column":11}},"157":{"start":{"line":346,"column":22},"end":{"line":346,"column":26}},"158":{"start":{"line":347,"column":21},"end":{"line":348,"column":79}},"159":{"start":{"line":349,"column":12},"end":{"line":353,"column":13}},"160":{"start":{"line":350,"column":31},"end":{"line":350,"column":72}},"161":{"start":{"line":350,"column":86},"end":{"line":350,"column":128}},"162":{"start":{"line":351,"column":16},"end":{"line":352,"column":57}},"163":{"start":{"line":354,"column":12},"end":{"line":354,"column":23}},"164":{"start":{"line":358,"column":8},"end":{"line":387,"column":11}},"165":{"start":{"line":359,"column":22},"end":{"line":359,"column":26}},"166":{"start":{"line":360,"column":12},"end":{"line":385,"column":13}},"167":{"start":{"line":361,"column":33},"end":{"line":361,"column":74}},"168":{"start":{"line":361,"column":86},"end":{"line":361,"column":103}},"169":{"start":{"line":362,"column":16},"end":{"line":384,"column":17}},"170":{"start":{"line":363,"column":20},"end":{"line":363,"column":45}},"171":{"start":{"line":365,"column":21},"end":{"line":384,"column":17}},"172":{"start":{"line":366,"column":20},"end":{"line":372,"column":21}},"173":{"start":{"line":367,"column":36},"end":{"line":367,"column":41}},"174":{"start":{"line":367,"column":53},"end":{"line":367,"column":75}},"175":{"start":{"line":367,"column":86},"end":{"line":367,"column":130}},"176":{"start":{"line":368,"column":24},"end":{"line":371,"column":25}},"177":{"start":{"line":369,"column":28},"end":{"line":369,"column":41}},"178":{"start":{"line":370,"column":28},"end":{"line":370,"column":34}},"179":{"start":{"line":375,"column":20},"end":{"line":383,"column":21}},"180":{"start":{"line":376,"column":36},"end":{"line":376,"column":44}},"181":{"start":{"line":377,"column":32},"end":{"line":377,"column":33}},"182":{"start":{"line":378,"column":38},"end":{"line":378,"column":62}},"183":{"start":{"line":378,"column":73},"end":{"line":378,"column":117}},"184":{"start":{"line":379,"column":24},"end":{"line":382,"column":25}},"185":{"start":{"line":380,"column":28},"end":{"line":380,"column":41}},"186":{"start":{"line":381,"column":28},"end":{"line":381,"column":34}},"187":{"start":{"line":386,"column":12},"end":{"line":386,"column":23}},"188":{"start":{"line":390,"column":8},"end":{"line":406,"column":11}},"189":{"start":{"line":391,"column":22},"end":{"line":391,"column":26}},"190":{"start":{"line":392,"column":12},"end":{"line":404,"column":13}},"191":{"start":{"line":393,"column":16},"end":{"line":393,"column":42}},"192":{"start":{"line":396,"column":16},"end":{"line":403,"column":17}},"193":{"start":{"line":397,"column":30},"end":{"line":397,"column":36}},"194":{"start":{"line":398,"column":32},"end":{"line":398,"column":71}},"195":{"start":{"line":399,"column":20},"end":{"line":402,"column":21}},"196":{"start":{"line":400,"column":24},"end":{"line":400,"column":78}},"197":{"start":{"line":401,"column":24},"end":{"line":401,"column":30}},"198":{"start":{"line":405,"column":12},"end":{"line":405,"column":23}},"199":{"start":{"line":409,"column":8},"end":{"line":426,"column":11}},"200":{"start":{"line":410,"column":22},"end":{"line":410,"column":26}},"201":{"start":{"line":411,"column":12},"end":{"line":424,"column":13}},"202":{"start":{"line":412,"column":16},"end":{"line":412,"column":42}},"203":{"start":{"line":415,"column":16},"end":{"line":423,"column":17}},"204":{"start":{"line":416,"column":30},"end":{"line":416,"column":36}},"205":{"start":{"line":417,"column":32},"end":{"line":417,"column":39}},"206":{"start":{"line":417,"column":51},"end":{"line":417,"column":75}},"207":{"start":{"line":418,"column":33},"end":{"line":418,"column":77}},"208":{"start":{"line":419,"column":20},"end":{"line":422,"column":21}},"209":{"start":{"line":420,"column":24},"end":{"line":420,"column":37}},"210":{"start":{"line":421,"column":24},"end":{"line":421,"column":30}},"211":{"start":{"line":425,"column":12},"end":{"line":425,"column":23}},"212":{"start":{"line":429,"column":30},"end":{"line":429,"column":54}},"213":{"start":{"line":430,"column":8},"end":{"line":449,"column":11}},"214":{"start":{"line":431,"column":22},"end":{"line":431,"column":26}},"215":{"start":{"line":432,"column":12},"end":{"line":447,"column":13}},"216":{"start":{"line":433,"column":16},"end":{"line":433,"column":42}},"217":{"start":{"line":436,"column":16},"end":{"line":446,"column":17}},"218":{"start":{"line":437,"column":30},"end":{"line":437,"column":51}},"219":{"start":{"line":438,"column":34},"end":{"line":438,"column":58}},"220":{"start":{"line":439,"column":20},"end":{"line":439,"column":79}},"221":{"start":{"line":440,"column":20},"end":{"line":445,"column":21}},"222":{"start":{"line":441,"column":24},"end":{"line":443,"column":25}},"223":{"start":{"line":442,"column":28},"end":{"line":442,"column":54}},"224":{"start":{"line":444,"column":24},"end":{"line":444,"column":30}},"225":{"start":{"line":448,"column":12},"end":{"line":448,"column":23}},"226":{"start":{"line":452,"column":26},"end":{"line":452,"column":28}},"227":{"start":{"line":453,"column":27},"end":{"line":453,"column":28}},"228":{"start":{"line":454,"column":24},"end":{"line":454,"column":42}},"229":{"start":{"line":455,"column":8},"end":{"line":459,"column":9}},"230":{"start":{"line":456,"column":22},"end":{"line":456,"column":28}},"231":{"start":{"line":457,"column":12},"end":{"line":457,"column":36}},"232":{"start":{"line":458,"column":12},"end":{"line":458,"column":27}},"233":{"start":{"line":460,"column":8},"end":{"line":493,"column":11}},"234":{"start":{"line":461,"column":22},"end":{"line":461,"column":26}},"235":{"start":{"line":462,"column":12},"end":{"line":491,"column":13}},"236":{"start":{"line":463,"column":16},"end":{"line":463,"column":42}},"237":{"start":{"line":466,"column":30},"end":{"line":466,"column":45}},"238":{"start":{"line":467,"column":16},"end":{"line":473,"column":17}},"239":{"start":{"line":468,"column":30},"end":{"line":468,"column":43}},"240":{"start":{"line":469,"column":20},"end":{"line":472,"column":21}},"241":{"start":{"line":470,"column":24},"end":{"line":470,"column":58}},"242":{"start":{"line":471,"column":24},"end":{"line":471,"column":30}},"243":{"start":{"line":474,"column":16},"end":{"line":490,"column":17}},"244":{"start":{"line":475,"column":20},"end":{"line":489,"column":21}},"245":{"start":{"line":476,"column":34},"end":{"line":476,"column":49}},"246":{"start":{"line":477,"column":24},"end":{"line":480,"column":25}},"247":{"start":{"line":478,"column":28},"end":{"line":478,"column":62}},"248":{"start":{"line":479,"column":28},"end":{"line":479,"column":34}},"249":{"start":{"line":481,"column":38},"end":{"line":481,"column":62}},"250":{"start":{"line":482,"column":24},"end":{"line":482,"column":77}},"251":{"start":{"line":483,"column":24},"end":{"line":488,"column":25}},"252":{"start":{"line":484,"column":28},"end":{"line":486,"column":29}},"253":{"start":{"line":485,"column":32},"end":{"line":485,"column":54}},"254":{"start":{"line":487,"column":28},"end":{"line":487,"column":34}},"255":{"start":{"line":492,"column":12},"end":{"line":492,"column":23}},"256":{"start":{"line":496,"column":26},"end":{"line":496,"column":28}},"257":{"start":{"line":497,"column":8},"end":{"line":499,"column":9}},"258":{"start":{"line":498,"column":12},"end":{"line":498,"column":44}},"259":{"start":{"line":500,"column":8},"end":{"line":512,"column":11}},"260":{"start":{"line":501,"column":12},"end":{"line":501,"column":49}},"261":{"start":{"line":501,"column":35},"end":{"line":501,"column":47}},"262":{"start":{"line":502,"column":22},"end":{"line":502,"column":26}},"263":{"start":{"line":503,"column":12},"end":{"line":510,"column":13}},"264":{"start":{"line":504,"column":33},"end":{"line":504,"column":50}},"265":{"start":{"line":505,"column":28},"end":{"line":505,"column":66}},"266":{"start":{"line":506,"column":16},"end":{"line":509,"column":17}},"267":{"start":{"line":507,"column":20},"end":{"line":507,"column":32}},"268":{"start":{"line":508,"column":20},"end":{"line":508,"column":26}},"269":{"start":{"line":511,"column":12},"end":{"line":511,"column":23}},"270":{"start":{"line":515,"column":26},"end":{"line":515,"column":28}},"271":{"start":{"line":516,"column":8},"end":{"line":518,"column":9}},"272":{"start":{"line":517,"column":12},"end":{"line":517,"column":44}},"273":{"start":{"line":519,"column":8},"end":{"line":548,"column":11}},"274":{"start":{"line":520,"column":22},"end":{"line":520,"column":31}},"275":{"start":{"line":521,"column":12},"end":{"line":543,"column":13}},"276":{"start":{"line":522,"column":33},"end":{"line":522,"column":47}},"277":{"start":{"line":523,"column":16},"end":{"line":542,"column":17}},"278":{"start":{"line":524,"column":33},"end":{"line":524,"column":71}},"279":{"start":{"line":525,"column":20},"end":{"line":528,"column":21}},"280":{"start":{"line":526,"column":24},"end":{"line":526,"column":35}},"281":{"start":{"line":527,"column":24},"end":{"line":527,"column":30}},"282":{"start":{"line":530,"column":21},"end":{"line":542,"column":17}},"283":{"start":{"line":534,"column":36},"end":{"line":534,"column":88}},"284":{"start":{"line":535,"column":20},"end":{"line":538,"column":21}},"285":{"start":{"line":536,"column":24},"end":{"line":536,"column":74}},"286":{"start":{"line":537,"column":24},"end":{"line":537,"column":30}},"287":{"start":{"line":541,"column":20},"end":{"line":541,"column":134}},"288":{"start":{"line":544,"column":12},"end":{"line":546,"column":13}},"289":{"start":{"line":545,"column":16},"end":{"line":545,"column":38}},"290":{"start":{"line":547,"column":12},"end":{"line":547,"column":23}},"291":{"start":{"line":551,"column":8},"end":{"line":563,"column":9}},"292":{"start":{"line":552,"column":12},"end":{"line":553,"column":66}},"293":{"start":{"line":555,"column":13},"end":{"line":563,"column":9}},"294":{"start":{"line":556,"column":12},"end":{"line":557,"column":66}},"295":{"start":{"line":559,"column":13},"end":{"line":563,"column":9}},"296":{"start":{"line":561,"column":12},"end":{"line":562,"column":77}},"297":{"start":{"line":564,"column":8},"end":{"line":573,"column":11}},"298":{"start":{"line":565,"column":22},"end":{"line":565,"column":26}},"299":{"start":{"line":566,"column":12},"end":{"line":571,"column":13}},"300":{"start":{"line":567,"column":16},"end":{"line":567,"column":66}},"301":{"start":{"line":569,"column":17},"end":{"line":571,"column":13}},"302":{"start":{"line":570,"column":16},"end":{"line":570,"column":67}},"303":{"start":{"line":572,"column":12},"end":{"line":572,"column":23}},"304":{"start":{"line":576,"column":8},"end":{"line":598,"column":11}},"305":{"start":{"line":577,"column":22},"end":{"line":577,"column":26}},"306":{"start":{"line":578,"column":12},"end":{"line":596,"column":13}},"307":{"start":{"line":579,"column":16},"end":{"line":581,"column":17}},"308":{"start":{"line":580,"column":20},"end":{"line":580,"column":48}},"309":{"start":{"line":583,"column":17},"end":{"line":596,"column":13}},"310":{"start":{"line":585,"column":28},"end":{"line":585,"column":33}},"311":{"start":{"line":586,"column":16},"end":{"line":592,"column":17}},"312":{"start":{"line":587,"column":31},"end":{"line":587,"column":47}},"313":{"start":{"line":588,"column":20},"end":{"line":591,"column":21}},"314":{"start":{"line":589,"column":24},"end":{"line":589,"column":37}},"315":{"start":{"line":590,"column":24},"end":{"line":590,"column":30}},"316":{"start":{"line":593,"column":16},"end":{"line":595,"column":17}},"317":{"start":{"line":594,"column":20},"end":{"line":594,"column":42}},"318":{"start":{"line":597,"column":12},"end":{"line":597,"column":23}},"319":{"start":{"line":601,"column":8},"end":{"line":623,"column":11}},"320":{"start":{"line":602,"column":22},"end":{"line":602,"column":26}},"321":{"start":{"line":603,"column":12},"end":{"line":621,"column":13}},"322":{"start":{"line":604,"column":16},"end":{"line":606,"column":17}},"323":{"start":{"line":605,"column":20},"end":{"line":605,"column":42}},"324":{"start":{"line":608,"column":17},"end":{"line":621,"column":13}},"325":{"start":{"line":610,"column":28},"end":{"line":610,"column":33}},"326":{"start":{"line":611,"column":16},"end":{"line":617,"column":17}},"327":{"start":{"line":612,"column":31},"end":{"line":612,"column":47}},"328":{"start":{"line":613,"column":20},"end":{"line":616,"column":21}},"329":{"start":{"line":614,"column":24},"end":{"line":614,"column":37}},"330":{"start":{"line":615,"column":24},"end":{"line":615,"column":30}},"331":{"start":{"line":618,"column":16},"end":{"line":620,"column":17}},"332":{"start":{"line":619,"column":20},"end":{"line":619,"column":42}},"333":{"start":{"line":622,"column":12},"end":{"line":622,"column":23}},"334":{"start":{"line":626,"column":24},"end":{"line":626,"column":28}},"335":{"start":{"line":627,"column":8},"end":{"line":642,"column":11}},"336":{"start":{"line":628,"column":12},"end":{"line":640,"column":13}},"337":{"start":{"line":629,"column":16},"end":{"line":639,"column":17}},"338":{"start":{"line":630,"column":33},"end":{"line":630,"column":47}},"339":{"start":{"line":631,"column":20},"end":{"line":633,"column":21}},"340":{"start":{"line":632,"column":24},"end":{"line":632,"column":90}},"341":{"start":{"line":634,"column":20},"end":{"line":634,"column":55}},"342":{"start":{"line":637,"column":20},"end":{"line":638,"column":31}},"343":{"start":{"line":641,"column":12},"end":{"line":641,"column":39}},"344":{"start":{"line":645,"column":0},"end":{"line":645,"column":20}},"345":{"start":{"line":646,"column":0},"end":{"line":646,"column":23}},"346":{"start":{"line":647,"column":22},"end":{"line":649,"column":18}},"347":{"start":{"line":650,"column":24},"end":{"line":652,"column":20}},"348":{"start":{"line":654,"column":4},"end":{"line":654,"column":26}},"349":{"start":{"line":657,"column":16},"end":{"line":657,"column":20}},"350":{"start":{"line":658,"column":4},"end":{"line":660,"column":5}},"351":{"start":{"line":659,"column":8},"end":{"line":659,"column":92}},"352":{"start":{"line":661,"column":4},"end":{"line":665,"column":7}},"353":{"start":{"line":662,"column":8},"end":{"line":664,"column":19}},"354":{"start":{"line":668,"column":14},"end":{"line":690,"column":5}},"355":{"start":{"line":669,"column":8},"end":{"line":669,"column":43}},"356":{"start":{"line":669,"column":31},"end":{"line":669,"column":41}},"357":{"start":{"line":670,"column":21},"end":{"line":670,"column":32}},"358":{"start":{"line":671,"column":21},"end":{"line":671,"column":25}},"359":{"start":{"line":671,"column":37},"end":{"line":671,"column":41}},"360":{"start":{"line":672,"column":8},"end":{"line":688,"column":9}},"361":{"start":{"line":673,"column":12},"end":{"line":684,"column":13}},"362":{"start":{"line":674,"column":16},"end":{"line":674,"column":32}},"363":{"start":{"line":676,"column":17},"end":{"line":684,"column":13}},"364":{"start":{"line":677,"column":16},"end":{"line":677,"column":37}},"365":{"start":{"line":679,"column":17},"end":{"line":684,"column":13}},"366":{"start":{"line":680,"column":16},"end":{"line":680,"column":40}},"367":{"start":{"line":683,"column":16},"end":{"line":683,"column":41}},"368":{"start":{"line":685,"column":12},"end":{"line":687,"column":13}},"369":{"start":{"line":686,"column":16},"end":{"line":686,"column":38}},"370":{"start":{"line":689,"column":8},"end":{"line":689,"column":83}},"371":{"start":{"line":691,"column":4},"end":{"line":691,"column":29}},"372":{"start":{"line":692,"column":4},"end":{"line":692,"column":31}},"373":{"start":{"line":693,"column":4},"end":{"line":693,"column":15}},"374":{"start":{"line":696,"column":4},"end":{"line":696,"column":36}},"375":{"start":{"line":699,"column":14},"end":{"line":699,"column":18}},"376":{"start":{"line":700,"column":4},"end":{"line":705,"column":5}},"377":{"start":{"line":701,"column":8},"end":{"line":701,"column":26}},"378":{"start":{"line":703,"column":9},"end":{"line":705,"column":5}},"379":{"start":{"line":704,"column":8},"end":{"line":704,"column":53}},"380":{"start":{"line":706,"column":4},"end":{"line":706,"column":15}},"381":{"start":{"line":709,"column":4},"end":{"line":709,"column":41}},"382":{"start":{"line":709,"column":27},"end":{"line":709,"column":39}},"383":{"start":{"line":710,"column":14},"end":{"line":710,"column":18}},"384":{"start":{"line":711,"column":20},"end":{"line":711,"column":78}},"385":{"start":{"line":711,"column":89},"end":{"line":711,"column":108}},"386":{"start":{"line":712,"column":18},"end":{"line":717,"column":14}},"387":{"start":{"line":718,"column":4},"end":{"line":729,"column":5}},"388":{"start":{"line":719,"column":8},"end":{"line":719,"column":66}},"389":{"start":{"line":721,"column":9},"end":{"line":729,"column":5}},"390":{"start":{"line":722,"column":8},"end":{"line":722,"column":62}},"391":{"start":{"line":724,"column":9},"end":{"line":729,"column":5}},"392":{"start":{"line":725,"column":8},"end":{"line":725,"column":65}},"393":{"start":{"line":727,"column":9},"end":{"line":729,"column":5}},"394":{"start":{"line":728,"column":8},"end":{"line":728,"column":65}},"395":{"start":{"line":730,"column":4},"end":{"line":730,"column":15}}},"fnMap":{"0":{"name":"(anonymous_0)","decl":{"start":{"line":2,"column":56},"end":{"line":2,"column":57}},"loc":{"start":{"line":2,"column":71},"end":{"line":4,"column":1}},"line":2},"1":{"name":"(anonymous_1)","decl":{"start":{"line":9,"column":10},"end":{"line":9,"column":11}},"loc":{"start":{"line":9,"column":23},"end":{"line":11,"column":5}},"line":9},"2":{"name":"(anonymous_2)","decl":{"start":{"line":12,"column":24},"end":{"line":12,"column":25}},"loc":{"start":{"line":12,"column":36},"end":{"line":12,"column":52}},"line":12},"3":{"name":"(anonymous_3)","decl":{"start":{"line":13,"column":26},"end":{"line":13,"column":27}},"loc":{"start":{"line":13,"column":40},"end":{"line":15,"column":5}},"line":13},"4":{"name":"(anonymous_4)","decl":{"start":{"line":14,"column":32},"end":{"line":14,"column":33}},"loc":{"start":{"line":14,"column":44},"end":{"line":14,"column":61}},"line":14},"5":{"name":"(anonymous_5)","decl":{"start":{"line":16,"column":28},"end":{"line":16,"column":29}},"loc":{"start":{"line":16,"column":42},"end":{"line":18,"column":30}},"line":16},"6":{"name":"(anonymous_6)","decl":{"start":{"line":19,"column":27},"end":{"line":19,"column":28}},"loc":{"start":{"line":19,"column":41},"end":{"line":21,"column":31}},"line":19},"7":{"name":"(anonymous_7)","decl":{"start":{"line":22,"column":35},"end":{"line":22,"column":36}},"loc":{"start":{"line":22,"column":49},"end":{"line":24,"column":40}},"line":22},"8":{"name":"(anonymous_8)","decl":{"start":{"line":25,"column":38},"end":{"line":25,"column":39}},"loc":{"start":{"line":25,"column":52},"end":{"line":27,"column":43}},"line":25},"9":{"name":"(anonymous_9)","decl":{"start":{"line":28,"column":35},"end":{"line":28,"column":36}},"loc":{"start":{"line":28,"column":49},"end":{"line":30,"column":40}},"line":28},"10":{"name":"(anonymous_10)","decl":{"start":{"line":31,"column":38},"end":{"line":31,"column":39}},"loc":{"start":{"line":31,"column":52},"end":{"line":33,"column":43}},"line":31},"11":{"name":"(anonymous_11)","decl":{"start":{"line":34,"column":26},"end":{"line":34,"column":27}},"loc":{"start":{"line":34,"column":40},"end":{"line":38,"column":36}},"line":34},"12":{"name":"(anonymous_12)","decl":{"start":{"line":39,"column":34},"end":{"line":39,"column":35}},"loc":{"start":{"line":39,"column":48},"end":{"line":43,"column":45}},"line":39},"13":{"name":"(anonymous_13)","decl":{"start":{"line":44,"column":37},"end":{"line":44,"column":38}},"loc":{"start":{"line":44,"column":51},"end":{"line":48,"column":48}},"line":44},"14":{"name":"(anonymous_14)","decl":{"start":{"line":49,"column":34},"end":{"line":49,"column":35}},"loc":{"start":{"line":49,"column":48},"end":{"line":53,"column":45}},"line":49},"15":{"name":"(anonymous_15)","decl":{"start":{"line":54,"column":37},"end":{"line":54,"column":38}},"loc":{"start":{"line":54,"column":51},"end":{"line":58,"column":48}},"line":54},"16":{"name":"(anonymous_16)","decl":{"start":{"line":59,"column":28},"end":{"line":59,"column":29}},"loc":{"start":{"line":59,"column":42},"end":{"line":63,"column":38}},"line":59},"17":{"name":"(anonymous_17)","decl":{"start":{"line":64,"column":36},"end":{"line":64,"column":37}},"loc":{"start":{"line":64,"column":50},"end":{"line":68,"column":46}},"line":64},"18":{"name":"(anonymous_18)","decl":{"start":{"line":69,"column":39},"end":{"line":69,"column":40}},"loc":{"start":{"line":69,"column":53},"end":{"line":73,"column":49}},"line":69},"19":{"name":"(anonymous_19)","decl":{"start":{"line":74,"column":36},"end":{"line":74,"column":37}},"loc":{"start":{"line":74,"column":50},"end":{"line":78,"column":46}},"line":74},"20":{"name":"(anonymous_20)","decl":{"start":{"line":79,"column":39},"end":{"line":79,"column":40}},"loc":{"start":{"line":79,"column":53},"end":{"line":83,"column":49}},"line":79},"21":{"name":"(anonymous_21)","decl":{"start":{"line":84,"column":27},"end":{"line":84,"column":28}},"loc":{"start":{"line":84,"column":41},"end":{"line":86,"column":29}},"line":84},"22":{"name":"(anonymous_22)","decl":{"start":{"line":87,"column":29},"end":{"line":87,"column":30}},"loc":{"start":{"line":87,"column":43},"end":{"line":89,"column":31}},"line":87},"23":{"name":"(anonymous_23)","decl":{"start":{"line":90,"column":27},"end":{"line":90,"column":28}},"loc":{"start":{"line":90,"column":41},"end":{"line":92,"column":31}},"line":90},"24":{"name":"(anonymous_24)","decl":{"start":{"line":93,"column":29},"end":{"line":93,"column":30}},"loc":{"start":{"line":93,"column":43},"end":{"line":95,"column":33}},"line":93},"25":{"name":"(anonymous_25)","decl":{"start":{"line":96,"column":27},"end":{"line":96,"column":28}},"loc":{"start":{"line":96,"column":41},"end":{"line":98,"column":32}},"line":96},"26":{"name":"(anonymous_26)","decl":{"start":{"line":99,"column":26},"end":{"line":99,"column":27}},"loc":{"start":{"line":99,"column":40},"end":{"line":101,"column":31}},"line":99},"27":{"name":"(anonymous_27)","decl":{"start":{"line":102,"column":29},"end":{"line":102,"column":30}},"loc":{"start":{"line":102,"column":43},"end":{"line":107,"column":31}},"line":102},"28":{"name":"(anonymous_28)","decl":{"start":{"line":108,"column":31},"end":{"line":108,"column":32}},"loc":{"start":{"line":108,"column":45},"end":{"line":112,"column":36}},"line":108},"29":{"name":"(anonymous_29)","decl":{"start":{"line":113,"column":25},"end":{"line":113,"column":26}},"loc":{"start":{"line":113,"column":39},"end":{"line":115,"column":35}},"line":113},"30":{"name":"(anonymous_30)","decl":{"start":{"line":116,"column":30},"end":{"line":116,"column":31}},"loc":{"start":{"line":116,"column":44},"end":{"line":118,"column":44}},"line":116},"31":{"name":"(anonymous_31)","decl":{"start":{"line":119,"column":28},"end":{"line":119,"column":29}},"loc":{"start":{"line":119,"column":42},"end":{"line":121,"column":40}},"line":119},"32":{"name":"(anonymous_32)","decl":{"start":{"line":122,"column":32},"end":{"line":122,"column":33}},"loc":{"start":{"line":122,"column":46},"end":{"line":124,"column":17}},"line":122},"33":{"name":"(anonymous_33)","decl":{"start":{"line":125,"column":8},"end":{"line":125,"column":9}},"loc":{"start":{"line":125,"column":25},"end":{"line":129,"column":5}},"line":125},"34":{"name":"(anonymous_34)","decl":{"start":{"line":126,"column":30},"end":{"line":126,"column":31}},"loc":{"start":{"line":126,"column":44},"end":{"line":128,"column":48}},"line":126},"35":{"name":"(anonymous_35)","decl":{"start":{"line":130,"column":11},"end":{"line":130,"column":12}},"loc":{"start":{"line":130,"column":28},"end":{"line":134,"column":5}},"line":130},"36":{"name":"(anonymous_36)","decl":{"start":{"line":131,"column":30},"end":{"line":131,"column":31}},"loc":{"start":{"line":131,"column":44},"end":{"line":133,"column":52}},"line":131},"37":{"name":"(anonymous_37)","decl":{"start":{"line":135,"column":11},"end":{"line":135,"column":12}},"loc":{"start":{"line":135,"column":28},"end":{"line":139,"column":5}},"line":135},"38":{"name":"(anonymous_38)","decl":{"start":{"line":136,"column":30},"end":{"line":136,"column":31}},"loc":{"start":{"line":136,"column":44},"end":{"line":138,"column":44}},"line":136},"39":{"name":"(anonymous_39)","decl":{"start":{"line":140,"column":14},"end":{"line":140,"column":15}},"loc":{"start":{"line":140,"column":31},"end":{"line":144,"column":5}},"line":140},"40":{"name":"(anonymous_40)","decl":{"start":{"line":141,"column":30},"end":{"line":141,"column":31}},"loc":{"start":{"line":141,"column":44},"end":{"line":143,"column":48}},"line":141},"41":{"name":"(anonymous_41)","decl":{"start":{"line":145,"column":14},"end":{"line":145,"column":15}},"loc":{"start":{"line":145,"column":36},"end":{"line":149,"column":5}},"line":145},"42":{"name":"(anonymous_42)","decl":{"start":{"line":146,"column":30},"end":{"line":146,"column":31}},"loc":{"start":{"line":146,"column":50},"end":{"line":148,"column":55}},"line":146},"43":{"name":"(anonymous_43)","decl":{"start":{"line":150,"column":14},"end":{"line":150,"column":15}},"loc":{"start":{"line":150,"column":36},"end":{"line":154,"column":5}},"line":150},"44":{"name":"(anonymous_44)","decl":{"start":{"line":151,"column":30},"end":{"line":151,"column":31}},"loc":{"start":{"line":151,"column":50},"end":{"line":153,"column":55}},"line":151},"45":{"name":"(anonymous_45)","decl":{"start":{"line":155,"column":22},"end":{"line":155,"column":23}},"loc":{"start":{"line":155,"column":44},"end":{"line":161,"column":5}},"line":155},"46":{"name":"(anonymous_46)","decl":{"start":{"line":156,"column":30},"end":{"line":156,"column":31}},"loc":{"start":{"line":156,"column":50},"end":{"line":160,"column":9}},"line":156},"47":{"name":"(anonymous_47)","decl":{"start":{"line":162,"column":10},"end":{"line":162,"column":11}},"loc":{"start":{"line":162,"column":29},"end":{"line":168,"column":5}},"line":162},"48":{"name":"(anonymous_48)","decl":{"start":{"line":164,"column":23},"end":{"line":164,"column":24}},"loc":{"start":{"line":164,"column":35},"end":{"line":164,"column":65}},"line":164},"49":{"name":"(anonymous_49)","decl":{"start":{"line":165,"column":30},"end":{"line":165,"column":31}},"loc":{"start":{"line":165,"column":50},"end":{"line":167,"column":9}},"line":165},"50":{"name":"(anonymous_50)","decl":{"start":{"line":169,"column":11},"end":{"line":169,"column":12}},"loc":{"start":{"line":169,"column":23},"end":{"line":179,"column":5}},"line":169},"51":{"name":"(anonymous_51)","decl":{"start":{"line":174,"column":30},"end":{"line":174,"column":31}},"loc":{"start":{"line":174,"column":44},"end":{"line":178,"column":9}},"line":174},"52":{"name":"(anonymous_52)","decl":{"start":{"line":175,"column":32},"end":{"line":175,"column":33}},"loc":{"start":{"line":175,"column":48},"end":{"line":175,"column":71}},"line":175},"53":{"name":"(anonymous_53)","decl":{"start":{"line":180,"column":12},"end":{"line":180,"column":13}},"loc":{"start":{"line":180,"column":33},"end":{"line":203,"column":5}},"line":180},"54":{"name":"(anonymous_54)","decl":{"start":{"line":181,"column":30},"end":{"line":181,"column":31}},"loc":{"start":{"line":181,"column":50},"end":{"line":202,"column":9}},"line":181},"55":{"name":"(anonymous_55)","decl":{"start":{"line":204,"column":16},"end":{"line":204,"column":17}},"loc":{"start":{"line":204,"column":32},"end":{"line":214,"column":5}},"line":204},"56":{"name":"(anonymous_56)","decl":{"start":{"line":208,"column":30},"end":{"line":208,"column":31}},"loc":{"start":{"line":208,"column":50},"end":{"line":213,"column":9}},"line":208},"57":{"name":"(anonymous_57)","decl":{"start":{"line":215,"column":13},"end":{"line":215,"column":14}},"loc":{"start":{"line":215,"column":29},"end":{"line":225,"column":5}},"line":215},"58":{"name":"(anonymous_58)","decl":{"start":{"line":219,"column":30},"end":{"line":219,"column":31}},"loc":{"start":{"line":219,"column":50},"end":{"line":224,"column":9}},"line":219},"59":{"name":"(anonymous_59)","decl":{"start":{"line":226,"column":13},"end":{"line":226,"column":14}},"loc":{"start":{"line":226,"column":35},"end":{"line":241,"column":5}},"line":226},"60":{"name":"(anonymous_60)","decl":{"start":{"line":227,"column":30},"end":{"line":227,"column":31}},"loc":{"start":{"line":227,"column":50},"end":{"line":240,"column":9}},"line":227},"61":{"name":"(anonymous_61)","decl":{"start":{"line":242,"column":14},"end":{"line":242,"column":15}},"loc":{"start":{"line":242,"column":36},"end":{"line":257,"column":5}},"line":242},"62":{"name":"(anonymous_62)","decl":{"start":{"line":243,"column":30},"end":{"line":243,"column":31}},"loc":{"start":{"line":243,"column":50},"end":{"line":256,"column":9}},"line":243},"63":{"name":"(anonymous_63)","decl":{"start":{"line":258,"column":11},"end":{"line":258,"column":12}},"loc":{"start":{"line":258,"column":28},"end":{"line":269,"column":5}},"line":258},"64":{"name":"(anonymous_64)","decl":{"start":{"line":259,"column":30},"end":{"line":259,"column":31}},"loc":{"start":{"line":259,"column":44},"end":{"line":268,"column":9}},"line":259},"65":{"name":"(anonymous_65)","decl":{"start":{"line":270,"column":11},"end":{"line":270,"column":12}},"loc":{"start":{"line":270,"column":32},"end":{"line":277,"column":5}},"line":270},"66":{"name":"(anonymous_66)","decl":{"start":{"line":271,"column":30},"end":{"line":271,"column":31}},"loc":{"start":{"line":271,"column":50},"end":{"line":276,"column":9}},"line":271},"67":{"name":"(anonymous_67)","decl":{"start":{"line":278,"column":10},"end":{"line":278,"column":11}},"loc":{"start":{"line":278,"column":42},"end":{"line":316,"column":5}},"line":278},"68":{"name":"(anonymous_68)","decl":{"start":{"line":290,"column":30},"end":{"line":290,"column":31}},"loc":{"start":{"line":290,"column":50},"end":{"line":315,"column":9}},"line":290},"69":{"name":"(anonymous_69)","decl":{"start":{"line":317,"column":16},"end":{"line":317,"column":17}},"loc":{"start":{"line":317,"column":36},"end":{"line":321,"column":5}},"line":317},"70":{"name":"(anonymous_70)","decl":{"start":{"line":318,"column":30},"end":{"line":318,"column":31}},"loc":{"start":{"line":318,"column":44},"end":{"line":320,"column":21}},"line":318},"71":{"name":"(anonymous_71)","decl":{"start":{"line":322,"column":13},"end":{"line":322,"column":14}},"loc":{"start":{"line":322,"column":30},"end":{"line":326,"column":5}},"line":322},"72":{"name":"(anonymous_72)","decl":{"start":{"line":323,"column":30},"end":{"line":323,"column":31}},"loc":{"start":{"line":323,"column":44},"end":{"line":325,"column":48}},"line":323},"73":{"name":"(anonymous_73)","decl":{"start":{"line":327,"column":20},"end":{"line":327,"column":21}},"loc":{"start":{"line":327,"column":37},"end":{"line":331,"column":5}},"line":327},"74":{"name":"(anonymous_74)","decl":{"start":{"line":328,"column":30},"end":{"line":328,"column":31}},"loc":{"start":{"line":328,"column":44},"end":{"line":330,"column":52}},"line":328},"75":{"name":"(anonymous_75)","decl":{"start":{"line":332,"column":10},"end":{"line":332,"column":11}},"loc":{"start":{"line":332,"column":27},"end":{"line":336,"column":5}},"line":332},"76":{"name":"(anonymous_76)","decl":{"start":{"line":333,"column":30},"end":{"line":333,"column":31}},"loc":{"start":{"line":333,"column":44},"end":{"line":335,"column":45}},"line":333},"77":{"name":"(anonymous_77)","decl":{"start":{"line":337,"column":17},"end":{"line":337,"column":18}},"loc":{"start":{"line":337,"column":34},"end":{"line":341,"column":5}},"line":337},"78":{"name":"(anonymous_78)","decl":{"start":{"line":338,"column":30},"end":{"line":338,"column":31}},"loc":{"start":{"line":338,"column":44},"end":{"line":340,"column":49}},"line":338},"79":{"name":"(anonymous_79)","decl":{"start":{"line":342,"column":13},"end":{"line":342,"column":14}},"loc":{"start":{"line":342,"column":63},"end":{"line":356,"column":5}},"line":342},"80":{"name":"(anonymous_80)","decl":{"start":{"line":345,"column":30},"end":{"line":345,"column":31}},"loc":{"start":{"line":345,"column":50},"end":{"line":355,"column":9}},"line":345},"81":{"name":"(anonymous_81)","decl":{"start":{"line":357,"column":9},"end":{"line":357,"column":10}},"loc":{"start":{"line":357,"column":31},"end":{"line":388,"column":5}},"line":357},"82":{"name":"(anonymous_82)","decl":{"start":{"line":358,"column":30},"end":{"line":358,"column":31}},"loc":{"start":{"line":358,"column":50},"end":{"line":387,"column":9}},"line":358},"83":{"name":"(anonymous_83)","decl":{"start":{"line":389,"column":12},"end":{"line":389,"column":13}},"loc":{"start":{"line":389,"column":34},"end":{"line":407,"column":5}},"line":389},"84":{"name":"(anonymous_84)","decl":{"start":{"line":390,"column":30},"end":{"line":390,"column":31}},"loc":{"start":{"line":390,"column":50},"end":{"line":406,"column":9}},"line":390},"85":{"name":"(anonymous_85)","decl":{"start":{"line":408,"column":14},"end":{"line":408,"column":15}},"loc":{"start":{"line":408,"column":36},"end":{"line":427,"column":5}},"line":408},"86":{"name":"(anonymous_86)","decl":{"start":{"line":409,"column":30},"end":{"line":409,"column":31}},"loc":{"start":{"line":409,"column":50},"end":{"line":426,"column":9}},"line":409},"87":{"name":"(anonymous_87)","decl":{"start":{"line":428,"column":11},"end":{"line":428,"column":12}},"loc":{"start":{"line":428,"column":34},"end":{"line":450,"column":5}},"line":428},"88":{"name":"(anonymous_88)","decl":{"start":{"line":430,"column":30},"end":{"line":430,"column":31}},"loc":{"start":{"line":430,"column":50},"end":{"line":449,"column":9}},"line":430},"89":{"name":"(anonymous_89)","decl":{"start":{"line":451,"column":17},"end":{"line":451,"column":18}},"loc":{"start":{"line":451,"column":34},"end":{"line":494,"column":5}},"line":451},"90":{"name":"(anonymous_90)","decl":{"start":{"line":460,"column":30},"end":{"line":460,"column":31}},"loc":{"start":{"line":460,"column":50},"end":{"line":493,"column":9}},"line":460},"91":{"name":"(anonymous_91)","decl":{"start":{"line":495,"column":9},"end":{"line":495,"column":10}},"loc":{"start":{"line":495,"column":21},"end":{"line":513,"column":5}},"line":495},"92":{"name":"(anonymous_92)","decl":{"start":{"line":500,"column":30},"end":{"line":500,"column":31}},"loc":{"start":{"line":500,"column":50},"end":{"line":512,"column":9}},"line":500},"93":{"name":"(anonymous_93)","decl":{"start":{"line":514,"column":8},"end":{"line":514,"column":9}},"loc":{"start":{"line":514,"column":20},"end":{"line":549,"column":5}},"line":514},"94":{"name":"(anonymous_94)","decl":{"start":{"line":519,"column":30},"end":{"line":519,"column":31}},"loc":{"start":{"line":519,"column":50},"end":{"line":548,"column":9}},"line":519},"95":{"name":"(anonymous_95)","decl":{"start":{"line":550,"column":10},"end":{"line":550,"column":11}},"loc":{"start":{"line":550,"column":66},"end":{"line":574,"column":5}},"line":550},"96":{"name":"(anonymous_96)","decl":{"start":{"line":564,"column":30},"end":{"line":564,"column":31}},"loc":{"start":{"line":564,"column":50},"end":{"line":573,"column":9}},"line":564},"97":{"name":"(anonymous_97)","decl":{"start":{"line":575,"column":8},"end":{"line":575,"column":9}},"loc":{"start":{"line":575,"column":30},"end":{"line":599,"column":5}},"line":575},"98":{"name":"(anonymous_98)","decl":{"start":{"line":576,"column":30},"end":{"line":576,"column":31}},"loc":{"start":{"line":576,"column":50},"end":{"line":598,"column":9}},"line":576},"99":{"name":"(anonymous_99)","decl":{"start":{"line":600,"column":11},"end":{"line":600,"column":12}},"loc":{"start":{"line":600,"column":33},"end":{"line":624,"column":5}},"line":600},"100":{"name":"(anonymous_100)","decl":{"start":{"line":601,"column":30},"end":{"line":601,"column":31}},"loc":{"start":{"line":601,"column":50},"end":{"line":623,"column":9}},"line":601},"101":{"name":"(anonymous_101)","decl":{"start":{"line":625,"column":10},"end":{"line":625,"column":11}},"loc":{"start":{"line":625,"column":34},"end":{"line":643,"column":5}},"line":625},"102":{"name":"(anonymous_102)","decl":{"start":{"line":627,"column":30},"end":{"line":627,"column":31}},"loc":{"start":{"line":627,"column":50},"end":{"line":642,"column":9}},"line":627},"103":{"name":"_validate","decl":{"start":{"line":653,"column":9},"end":{"line":653,"column":18}},"loc":{"start":{"line":653,"column":29},"end":{"line":655,"column":1}},"line":653},"104":{"name":"_usingHint","decl":{"start":{"line":656,"column":9},"end":{"line":656,"column":19}},"loc":{"start":{"line":656,"column":26},"end":{"line":666,"column":1}},"line":656},"105":{"name":"(anonymous_105)","decl":{"start":{"line":661,"column":26},"end":{"line":661,"column":27}},"loc":{"start":{"line":661,"column":46},"end":{"line":665,"column":5}},"line":661},"106":{"name":"_specValidator","decl":{"start":{"line":667,"column":9},"end":{"line":667,"column":23}},"loc":{"start":{"line":667,"column":27},"end":{"line":694,"column":1}},"line":667},"107":{"name":"(anonymous_107)","decl":{"start":{"line":668,"column":14},"end":{"line":668,"column":15}},"loc":{"start":{"line":668,"column":34},"end":{"line":690,"column":5}},"line":668},"108":{"name":"_isValidator","decl":{"start":{"line":695,"column":9},"end":{"line":695,"column":21}},"loc":{"start":{"line":695,"column":26},"end":{"line":697,"column":1}},"line":695},"109":{"name":"_buildSubPath","decl":{"start":{"line":698,"column":9},"end":{"line":698,"column":22}},"loc":{"start":{"line":698,"column":34},"end":{"line":707,"column":1}},"line":698},"110":{"name":"_checkConstraint","decl":{"start":{"line":708,"column":9},"end":{"line":708,"column":25}},"loc":{"start":{"line":708,"column":48},"end":{"line":731,"column":1}},"line":708}},"branchMap":{"0":{"loc":{"start":{"line":2,"column":22},"end":{"line":4,"column":1}},"type":"binary-expr","locations":[{"start":{"line":2,"column":23},"end":{"line":2,"column":27}},{"start":{"line":2,"column":31},"end":{"line":2,"column":51}},{"start":{"line":2,"column":56},"end":{"line":4,"column":1}}],"line":2},"1":{"loc":{"start":{"line":3,"column":11},"end":{"line":3,"column":61}},"type":"cond-expr","locations":[{"start":{"line":3,"column":37},"end":{"line":3,"column":40}},{"start":{"line":3,"column":43},"end":{"line":3,"column":61}}],"line":3},"2":{"loc":{"start":{"line":3,"column":12},"end":{"line":3,"column":33}},"type":"binary-expr","locations":[{"start":{"line":3,"column":12},"end":{"line":3,"column":15}},{"start":{"line":3,"column":19},"end":{"line":3,"column":33}}],"line":3},"3":{"loc":{"start":{"line":16,"column":51},"end":{"line":18,"column":27}},"type":"cond-expr","locations":[{"start":{"line":17,"column":10},"end":{"line":17,"column":14}},{"start":{"line":18,"column":10},"end":{"line":18,"column":27}}],"line":16},"4":{"loc":{"start":{"line":16,"column":51},"end":{"line":16,"column":78}},"type":"binary-expr","locations":[{"start":{"line":16,"column":51},"end":{"line":16,"column":62}},{"start":{"line":16,"column":66},"end":{"line":16,"column":78}}],"line":16},"5":{"loc":{"start":{"line":19,"column":50},"end":{"line":21,"column":28}},"type":"cond-expr","locations":[{"start":{"line":20,"column":10},"end":{"line":20,"column":14}},{"start":{"line":21,"column":10},"end":{"line":21,"column":28}}],"line":19},"6":{"loc":{"start":{"line":22,"column":58},"end":{"line":24,"column":37}},"type":"cond-expr","locations":[{"start":{"line":23,"column":10},"end":{"line":23,"column":14}},{"start":{"line":24,"column":10},"end":{"line":24,"column":37}}],"line":22},"7":{"loc":{"start":{"line":22,"column":58},"end":{"line":22,"column":90}},"type":"binary-expr","locations":[{"start":{"line":22,"column":58},"end":{"line":22,"column":80}},{"start":{"line":22,"column":84},"end":{"line":22,"column":90}}],"line":22},"8":{"loc":{"start":{"line":25,"column":61},"end":{"line":27,"column":40}},"type":"cond-expr","locations":[{"start":{"line":26,"column":10},"end":{"line":26,"column":14}},{"start":{"line":27,"column":10},"end":{"line":27,"column":40}}],"line":25},"9":{"loc":{"start":{"line":25,"column":61},"end":{"line":25,"column":94}},"type":"binary-expr","locations":[{"start":{"line":25,"column":61},"end":{"line":25,"column":83}},{"start":{"line":25,"column":87},"end":{"line":25,"column":94}}],"line":25},"10":{"loc":{"start":{"line":28,"column":58},"end":{"line":30,"column":37}},"type":"cond-expr","locations":[{"start":{"line":29,"column":10},"end":{"line":29,"column":14}},{"start":{"line":30,"column":10},"end":{"line":30,"column":37}}],"line":28},"11":{"loc":{"start":{"line":28,"column":58},"end":{"line":28,"column":90}},"type":"binary-expr","locations":[{"start":{"line":28,"column":58},"end":{"line":28,"column":80}},{"start":{"line":28,"column":84},"end":{"line":28,"column":90}}],"line":28},"12":{"loc":{"start":{"line":31,"column":61},"end":{"line":33,"column":40}},"type":"cond-expr","locations":[{"start":{"line":32,"column":10},"end":{"line":32,"column":14}},{"start":{"line":33,"column":10},"end":{"line":33,"column":40}}],"line":31},"13":{"loc":{"start":{"line":31,"column":61},"end":{"line":31,"column":94}},"type":"binary-expr","locations":[{"start":{"line":31,"column":61},"end":{"line":31,"column":83}},{"start":{"line":31,"column":87},"end":{"line":31,"column":94}}],"line":31},"14":{"loc":{"start":{"line":34,"column":49},"end":{"line":38,"column":33}},"type":"cond-expr","locations":[{"start":{"line":35,"column":10},"end":{"line":35,"column":14}},{"start":{"line":36,"column":11},"end":{"line":38,"column":32}}],"line":34},"15":{"loc":{"start":{"line":34,"column":49},"end":{"line":34,"column":87}},"type":"binary-expr","locations":[{"start":{"line":34,"column":49},"end":{"line":34,"column":71}},{"start":{"line":34,"column":75},"end":{"line":34,"column":87}}],"line":34},"16":{"loc":{"start":{"line":36,"column":11},"end":{"line":38,"column":32}},"type":"cond-expr","locations":[{"start":{"line":37,"column":14},"end":{"line":37,"column":39}},{"start":{"line":38,"column":14},"end":{"line":38,"column":32}}],"line":36},"17":{"loc":{"start":{"line":39,"column":57},"end":{"line":43,"column":42}},"type":"cond-expr","locations":[{"start":{"line":40,"column":10},"end":{"line":40,"column":14}},{"start":{"line":41,"column":11},"end":{"line":43,"column":41}}],"line":39},"18":{"loc":{"start":{"line":39,"column":57},"end":{"line":39,"column":105}},"type":"binary-expr","locations":[{"start":{"line":39,"column":57},"end":{"line":39,"column":79}},{"start":{"line":39,"column":83},"end":{"line":39,"column":95}},{"start":{"line":39,"column":99},"end":{"line":39,"column":105}}],"line":39},"19":{"loc":{"start":{"line":41,"column":11},"end":{"line":43,"column":41}},"type":"cond-expr","locations":[{"start":{"line":42,"column":14},"end":{"line":42,"column":48}},{"start":{"line":43,"column":14},"end":{"line":43,"column":41}}],"line":41},"20":{"loc":{"start":{"line":44,"column":60},"end":{"line":48,"column":45}},"type":"cond-expr","locations":[{"start":{"line":45,"column":10},"end":{"line":45,"column":14}},{"start":{"line":46,"column":11},"end":{"line":48,"column":44}}],"line":44},"21":{"loc":{"start":{"line":44,"column":60},"end":{"line":44,"column":109}},"type":"binary-expr","locations":[{"start":{"line":44,"column":60},"end":{"line":44,"column":82}},{"start":{"line":44,"column":86},"end":{"line":44,"column":98}},{"start":{"line":44,"column":102},"end":{"line":44,"column":109}}],"line":44},"22":{"loc":{"start":{"line":46,"column":11},"end":{"line":48,"column":44}},"type":"cond-expr","locations":[{"start":{"line":47,"column":14},"end":{"line":47,"column":51}},{"start":{"line":48,"column":14},"end":{"line":48,"column":44}}],"line":46},"23":{"loc":{"start":{"line":49,"column":57},"end":{"line":53,"column":42}},"type":"cond-expr","locations":[{"start":{"line":50,"column":10},"end":{"line":50,"column":14}},{"start":{"line":51,"column":11},"end":{"line":53,"column":41}}],"line":49},"24":{"loc":{"start":{"line":49,"column":57},"end":{"line":49,"column":105}},"type":"binary-expr","locations":[{"start":{"line":49,"column":57},"end":{"line":49,"column":79}},{"start":{"line":49,"column":83},"end":{"line":49,"column":95}},{"start":{"line":49,"column":99},"end":{"line":49,"column":105}}],"line":49},"25":{"loc":{"start":{"line":51,"column":11},"end":{"line":53,"column":41}},"type":"cond-expr","locations":[{"start":{"line":52,"column":14},"end":{"line":52,"column":48}},{"start":{"line":53,"column":14},"end":{"line":53,"column":41}}],"line":51},"26":{"loc":{"start":{"line":54,"column":60},"end":{"line":58,"column":45}},"type":"cond-expr","locations":[{"start":{"line":55,"column":10},"end":{"line":55,"column":14}},{"start":{"line":56,"column":11},"end":{"line":58,"column":44}}],"line":54},"27":{"loc":{"start":{"line":54,"column":60},"end":{"line":54,"column":109}},"type":"binary-expr","locations":[{"start":{"line":54,"column":60},"end":{"line":54,"column":82}},{"start":{"line":54,"column":86},"end":{"line":54,"column":98}},{"start":{"line":54,"column":102},"end":{"line":54,"column":109}}],"line":54},"28":{"loc":{"start":{"line":56,"column":11},"end":{"line":58,"column":44}},"type":"cond-expr","locations":[{"start":{"line":57,"column":14},"end":{"line":57,"column":51}},{"start":{"line":58,"column":14},"end":{"line":58,"column":44}}],"line":56},"29":{"loc":{"start":{"line":59,"column":51},"end":{"line":63,"column":35}},"type":"cond-expr","locations":[{"start":{"line":60,"column":10},"end":{"line":60,"column":14}},{"start":{"line":61,"column":11},"end":{"line":63,"column":34}}],"line":59},"30":{"loc":{"start":{"line":61,"column":11},"end":{"line":63,"column":34}},"type":"cond-expr","locations":[{"start":{"line":62,"column":14},"end":{"line":62,"column":40}},{"start":{"line":63,"column":14},"end":{"line":63,"column":34}}],"line":61},"31":{"loc":{"start":{"line":64,"column":59},"end":{"line":68,"column":43}},"type":"cond-expr","locations":[{"start":{"line":65,"column":10},"end":{"line":65,"column":14}},{"start":{"line":66,"column":11},"end":{"line":68,"column":42}}],"line":64},"32":{"loc":{"start":{"line":64,"column":59},"end":{"line":64,"column":89}},"type":"binary-expr","locations":[{"start":{"line":64,"column":59},"end":{"line":64,"column":79}},{"start":{"line":64,"column":83},"end":{"line":64,"column":89}}],"line":64},"33":{"loc":{"start":{"line":66,"column":11},"end":{"line":68,"column":42}},"type":"cond-expr","locations":[{"start":{"line":67,"column":14},"end":{"line":67,"column":49}},{"start":{"line":68,"column":14},"end":{"line":68,"column":42}}],"line":66},"34":{"loc":{"start":{"line":69,"column":62},"end":{"line":73,"column":46}},"type":"cond-expr","locations":[{"start":{"line":70,"column":10},"end":{"line":70,"column":14}},{"start":{"line":71,"column":11},"end":{"line":73,"column":45}}],"line":69},"35":{"loc":{"start":{"line":69,"column":62},"end":{"line":69,"column":93}},"type":"binary-expr","locations":[{"start":{"line":69,"column":62},"end":{"line":69,"column":82}},{"start":{"line":69,"column":86},"end":{"line":69,"column":93}}],"line":69},"36":{"loc":{"start":{"line":71,"column":11},"end":{"line":73,"column":45}},"type":"cond-expr","locations":[{"start":{"line":72,"column":14},"end":{"line":72,"column":52}},{"start":{"line":73,"column":14},"end":{"line":73,"column":45}}],"line":71},"37":{"loc":{"start":{"line":74,"column":59},"end":{"line":78,"column":43}},"type":"cond-expr","locations":[{"start":{"line":75,"column":10},"end":{"line":75,"column":14}},{"start":{"line":76,"column":11},"end":{"line":78,"column":42}}],"line":74},"38":{"loc":{"start":{"line":74,"column":59},"end":{"line":74,"column":89}},"type":"binary-expr","locations":[{"start":{"line":74,"column":59},"end":{"line":74,"column":79}},{"start":{"line":74,"column":83},"end":{"line":74,"column":89}}],"line":74},"39":{"loc":{"start":{"line":76,"column":11},"end":{"line":78,"column":42}},"type":"cond-expr","locations":[{"start":{"line":77,"column":14},"end":{"line":77,"column":49}},{"start":{"line":78,"column":14},"end":{"line":78,"column":42}}],"line":76},"40":{"loc":{"start":{"line":79,"column":62},"end":{"line":83,"column":46}},"type":"cond-expr","locations":[{"start":{"line":80,"column":10},"end":{"line":80,"column":14}},{"start":{"line":81,"column":11},"end":{"line":83,"column":45}}],"line":79},"41":{"loc":{"start":{"line":79,"column":62},"end":{"line":79,"column":93}},"type":"binary-expr","locations":[{"start":{"line":79,"column":62},"end":{"line":79,"column":82}},{"start":{"line":79,"column":86},"end":{"line":79,"column":93}}],"line":79},"42":{"loc":{"start":{"line":81,"column":11},"end":{"line":83,"column":45}},"type":"cond-expr","locations":[{"start":{"line":82,"column":14},"end":{"line":82,"column":52}},{"start":{"line":83,"column":14},"end":{"line":83,"column":45}}],"line":81},"43":{"loc":{"start":{"line":84,"column":50},"end":{"line":86,"column":26}},"type":"cond-expr","locations":[{"start":{"line":85,"column":10},"end":{"line":85,"column":14}},{"start":{"line":86,"column":10},"end":{"line":86,"column":26}}],"line":84},"44":{"loc":{"start":{"line":87,"column":52},"end":{"line":89,"column":28}},"type":"cond-expr","locations":[{"start":{"line":88,"column":10},"end":{"line":88,"column":14}},{"start":{"line":89,"column":10},"end":{"line":89,"column":28}}],"line":87},"45":{"loc":{"start":{"line":87,"column":52},"end":{"line":87,"column":118}},"type":"binary-expr","locations":[{"start":{"line":87,"column":52},"end":{"line":87,"column":83}},{"start":{"line":87,"column":87},"end":{"line":87,"column":118}}],"line":87},"46":{"loc":{"start":{"line":90,"column":50},"end":{"line":92,"column":28}},"type":"cond-expr","locations":[{"start":{"line":91,"column":10},"end":{"line":91,"column":14}},{"start":{"line":92,"column":10},"end":{"line":92,"column":28}}],"line":90},"47":{"loc":{"start":{"line":93,"column":52},"end":{"line":95,"column":30}},"type":"cond-expr","locations":[{"start":{"line":94,"column":10},"end":{"line":94,"column":14}},{"start":{"line":95,"column":10},"end":{"line":95,"column":30}}],"line":93},"48":{"loc":{"start":{"line":96,"column":50},"end":{"line":98,"column":29}},"type":"cond-expr","locations":[{"start":{"line":97,"column":10},"end":{"line":97,"column":14}},{"start":{"line":98,"column":10},"end":{"line":98,"column":29}}],"line":96},"49":{"loc":{"start":{"line":96,"column":50},"end":{"line":96,"column":87}},"type":"binary-expr","locations":[{"start":{"line":96,"column":50},"end":{"line":96,"column":61}},{"start":{"line":96,"column":65},"end":{"line":96,"column":87}}],"line":96},"50":{"loc":{"start":{"line":99,"column":49},"end":{"line":101,"column":28}},"type":"cond-expr","locations":[{"start":{"line":100,"column":10},"end":{"line":100,"column":14}},{"start":{"line":101,"column":10},"end":{"line":101,"column":28}}],"line":99},"51":{"loc":{"start":{"line":102,"column":52},"end":{"line":107,"column":28}},"type":"cond-expr","locations":[{"start":{"line":106,"column":10},"end":{"line":106,"column":14}},{"start":{"line":107,"column":10},"end":{"line":107,"column":28}}],"line":102},"52":{"loc":{"start":{"line":102,"column":52},"end":{"line":105,"column":57}},"type":"binary-expr","locations":[{"start":{"line":102,"column":52},"end":{"line":102,"column":74}},{"start":{"line":103,"column":12},"end":{"line":103,"column":14}},{"start":{"line":104,"column":15},"end":{"line":104,"column":37}},{"start":{"line":105,"column":15},"end":{"line":105,"column":56}}],"line":102},"53":{"loc":{"start":{"line":108,"column":54},"end":{"line":112,"column":33}},"type":"cond-expr","locations":[{"start":{"line":111,"column":10},"end":{"line":111,"column":14}},{"start":{"line":112,"column":10},"end":{"line":112,"column":33}}],"line":108},"54":{"loc":{"start":{"line":108,"column":54},"end":{"line":110,"column":41}},"type":"binary-expr","locations":[{"start":{"line":108,"column":54},"end":{"line":108,"column":65}},{"start":{"line":108,"column":69},"end":{"line":108,"column":91}},{"start":{"line":109,"column":11},"end":{"line":109,"column":54}},{"start":{"line":110,"column":11},"end":{"line":110,"column":41}}],"line":108},"55":{"loc":{"start":{"line":113,"column":48},"end":{"line":115,"column":32}},"type":"cond-expr","locations":[{"start":{"line":114,"column":10},"end":{"line":114,"column":14}},{"start":{"line":115,"column":10},"end":{"line":115,"column":32}}],"line":113},"56":{"loc":{"start":{"line":113,"column":48},"end":{"line":113,"column":90}},"type":"binary-expr","locations":[{"start":{"line":113,"column":48},"end":{"line":113,"column":66}},{"start":{"line":113,"column":70},"end":{"line":113,"column":90}}],"line":113},"57":{"loc":{"start":{"line":116,"column":53},"end":{"line":118,"column":41}},"type":"cond-expr","locations":[{"start":{"line":117,"column":10},"end":{"line":117,"column":14}},{"start":{"line":118,"column":10},"end":{"line":118,"column":41}}],"line":116},"58":{"loc":{"start":{"line":116,"column":53},"end":{"line":116,"column":84}},"type":"binary-expr","locations":[{"start":{"line":116,"column":53},"end":{"line":116,"column":69}},{"start":{"line":116,"column":73},"end":{"line":116,"column":84}}],"line":116},"59":{"loc":{"start":{"line":119,"column":51},"end":{"line":121,"column":37}},"type":"cond-expr","locations":[{"start":{"line":120,"column":10},"end":{"line":120,"column":14}},{"start":{"line":121,"column":10},"end":{"line":121,"column":37}}],"line":119},"60":{"loc":{"start":{"line":119,"column":51},"end":{"line":119,"column":82}},"type":"binary-expr","locations":[{"start":{"line":119,"column":51},"end":{"line":119,"column":67}},{"start":{"line":119,"column":71},"end":{"line":119,"column":82}}],"line":119},"61":{"loc":{"start":{"line":122,"column":55},"end":{"line":124,"column":14}},"type":"cond-expr","locations":[{"start":{"line":123,"column":10},"end":{"line":123,"column":26}},{"start":{"line":124,"column":10},"end":{"line":124,"column":14}}],"line":122},"62":{"loc":{"start":{"line":122,"column":55},"end":{"line":122,"column":118}},"type":"binary-expr","locations":[{"start":{"line":122,"column":55},"end":{"line":122,"column":71}},{"start":{"line":122,"column":75},"end":{"line":122,"column":86}},{"start":{"line":122,"column":90},"end":{"line":122,"column":118}}],"line":122},"63":{"loc":{"start":{"line":126,"column":53},"end":{"line":128,"column":45}},"type":"cond-expr","locations":[{"start":{"line":127,"column":14},"end":{"line":127,"column":18}},{"start":{"line":128,"column":14},"end":{"line":128,"column":45}}],"line":126},"64":{"loc":{"start":{"line":131,"column":53},"end":{"line":133,"column":49}},"type":"cond-expr","locations":[{"start":{"line":132,"column":14},"end":{"line":132,"column":18}},{"start":{"line":133,"column":14},"end":{"line":133,"column":49}}],"line":131},"65":{"loc":{"start":{"line":136,"column":53},"end":{"line":138,"column":41}},"type":"cond-expr","locations":[{"start":{"line":137,"column":14},"end":{"line":137,"column":18}},{"start":{"line":138,"column":14},"end":{"line":138,"column":41}}],"line":136},"66":{"loc":{"start":{"line":141,"column":53},"end":{"line":143,"column":45}},"type":"cond-expr","locations":[{"start":{"line":142,"column":14},"end":{"line":142,"column":18}},{"start":{"line":143,"column":14},"end":{"line":143,"column":45}}],"line":141},"67":{"loc":{"start":{"line":146,"column":59},"end":{"line":148,"column":52}},"type":"cond-expr","locations":[{"start":{"line":147,"column":14},"end":{"line":147,"column":18}},{"start":{"line":148,"column":14},"end":{"line":148,"column":52}}],"line":146},"68":{"loc":{"start":{"line":151,"column":59},"end":{"line":153,"column":52}},"type":"cond-expr","locations":[{"start":{"line":152,"column":14},"end":{"line":152,"column":18}},{"start":{"line":153,"column":14},"end":{"line":153,"column":52}}],"line":151},"69":{"loc":{"start":{"line":157,"column":19},"end":{"line":159,"column":56}},"type":"cond-expr","locations":[{"start":{"line":158,"column":18},"end":{"line":158,"column":22}},{"start":{"line":159,"column":18},"end":{"line":159,"column":56}}],"line":157},"70":{"loc":{"start":{"line":157,"column":19},"end":{"line":157,"column":50}},"type":"binary-expr","locations":[{"start":{"line":157,"column":19},"end":{"line":157,"column":35}},{"start":{"line":157,"column":39},"end":{"line":157,"column":50}}],"line":157},"71":{"loc":{"start":{"line":163,"column":8},"end":{"line":163,"column":61}},"type":"if","locations":[{"start":{"line":163,"column":8},"end":{"line":163,"column":61}},{"start":{"line":163,"column":8},"end":{"line":163,"column":61}}],"line":163},"72":{"loc":{"start":{"line":175,"column":19},"end":{"line":177,"column":55}},"type":"cond-expr","locations":[{"start":{"line":176,"column":18},"end":{"line":176,"column":22}},{"start":{"line":177,"column":18},"end":{"line":177,"column":55}}],"line":175},"73":{"loc":{"start":{"line":183,"column":12},"end":{"line":200,"column":13}},"type":"if","locations":[{"start":{"line":183,"column":12},"end":{"line":200,"column":13}},{"start":{"line":183,"column":12},"end":{"line":200,"column":13}}],"line":183},"74":{"loc":{"start":{"line":185,"column":16},"end":{"line":193,"column":17}},"type":"if","locations":[{"start":{"line":185,"column":16},"end":{"line":193,"column":17}},{"start":{"line":185,"column":16},"end":{"line":193,"column":17}}],"line":185},"75":{"loc":{"start":{"line":194,"column":35},"end":{"line":196,"column":60}},"type":"cond-expr","locations":[{"start":{"line":195,"column":22},"end":{"line":195,"column":33}},{"start":{"line":196,"column":22},"end":{"line":196,"column":60}}],"line":194},"76":{"loc":{"start":{"line":197,"column":16},"end":{"line":199,"column":17}},"type":"if","locations":[{"start":{"line":197,"column":16},"end":{"line":199,"column":17}},{"start":{"line":197,"column":16},"end":{"line":199,"column":17}}],"line":197},"77":{"loc":{"start":{"line":205,"column":8},"end":{"line":207,"column":9}},"type":"if","locations":[{"start":{"line":205,"column":8},"end":{"line":207,"column":9}},{"start":{"line":205,"column":8},"end":{"line":207,"column":9}}],"line":205},"78":{"loc":{"start":{"line":209,"column":12},"end":{"line":209,"column":49}},"type":"if","locations":[{"start":{"line":209,"column":12},"end":{"line":209,"column":49}},{"start":{"line":209,"column":12},"end":{"line":209,"column":49}}],"line":209},"79":{"loc":{"start":{"line":210,"column":19},"end":{"line":212,"column":52}},"type":"cond-expr","locations":[{"start":{"line":211,"column":18},"end":{"line":211,"column":22}},{"start":{"line":212,"column":18},"end":{"line":212,"column":52}}],"line":210},"80":{"loc":{"start":{"line":216,"column":8},"end":{"line":218,"column":9}},"type":"if","locations":[{"start":{"line":216,"column":8},"end":{"line":218,"column":9}},{"start":{"line":216,"column":8},"end":{"line":218,"column":9}}],"line":216},"81":{"loc":{"start":{"line":220,"column":12},"end":{"line":220,"column":49}},"type":"if","locations":[{"start":{"line":220,"column":12},"end":{"line":220,"column":49}},{"start":{"line":220,"column":12},"end":{"line":220,"column":49}}],"line":220},"82":{"loc":{"start":{"line":221,"column":19},"end":{"line":223,"column":54}},"type":"cond-expr","locations":[{"start":{"line":222,"column":18},"end":{"line":222,"column":22}},{"start":{"line":223,"column":18},"end":{"line":223,"column":54}}],"line":221},"83":{"loc":{"start":{"line":221,"column":19},"end":{"line":221,"column":92}},"type":"binary-expr","locations":[{"start":{"line":221,"column":19},"end":{"line":221,"column":43}},{"start":{"line":221,"column":48},"end":{"line":221,"column":59}},{"start":{"line":221,"column":63},"end":{"line":221,"column":91}}],"line":221},"84":{"loc":{"start":{"line":228,"column":12},"end":{"line":228,"column":49}},"type":"if","locations":[{"start":{"line":228,"column":12},"end":{"line":228,"column":49}},{"start":{"line":228,"column":12},"end":{"line":228,"column":49}}],"line":228},"85":{"loc":{"start":{"line":230,"column":12},"end":{"line":238,"column":13}},"type":"if","locations":[{"start":{"line":230,"column":12},"end":{"line":238,"column":13}},{"start":{"line":230,"column":12},"end":{"line":238,"column":13}}],"line":230},"86":{"loc":{"start":{"line":233,"column":20},"end":{"line":236,"column":21}},"type":"if","locations":[{"start":{"line":233,"column":20},"end":{"line":236,"column":21}},{"start":{"line":233,"column":20},"end":{"line":236,"column":21}}],"line":233},"87":{"loc":{"start":{"line":244,"column":12},"end":{"line":244,"column":49}},"type":"if","locations":[{"start":{"line":244,"column":12},"end":{"line":244,"column":49}},{"start":{"line":244,"column":12},"end":{"line":244,"column":49}}],"line":244},"88":{"loc":{"start":{"line":246,"column":12},"end":{"line":254,"column":13}},"type":"if","locations":[{"start":{"line":246,"column":12},"end":{"line":254,"column":13}},{"start":{"line":246,"column":12},"end":{"line":254,"column":13}}],"line":246},"89":{"loc":{"start":{"line":249,"column":17},"end":{"line":254,"column":13}},"type":"if","locations":[{"start":{"line":249,"column":17},"end":{"line":254,"column":13}},{"start":{"line":249,"column":17},"end":{"line":254,"column":13}}],"line":249},"90":{"loc":{"start":{"line":261,"column":12},"end":{"line":266,"column":13}},"type":"if","locations":[{"start":{"line":261,"column":12},"end":{"line":266,"column":13}},{"start":{"line":261,"column":12},"end":{"line":266,"column":13}}],"line":261},"91":{"loc":{"start":{"line":264,"column":17},"end":{"line":266,"column":13}},"type":"if","locations":[{"start":{"line":264,"column":17},"end":{"line":266,"column":13}},{"start":{"line":264,"column":17},"end":{"line":266,"column":13}}],"line":264},"92":{"loc":{"start":{"line":272,"column":12},"end":{"line":272,"column":49}},"type":"if","locations":[{"start":{"line":272,"column":12},"end":{"line":272,"column":49}},{"start":{"line":272,"column":12},"end":{"line":272,"column":49}}],"line":272},"93":{"loc":{"start":{"line":273,"column":19},"end":{"line":275,"column":33}},"type":"cond-expr","locations":[{"start":{"line":274,"column":18},"end":{"line":274,"column":22}},{"start":{"line":275,"column":18},"end":{"line":275,"column":33}}],"line":273},"94":{"loc":{"start":{"line":280,"column":8},"end":{"line":289,"column":9}},"type":"if","locations":[{"start":{"line":280,"column":8},"end":{"line":289,"column":9}},{"start":{"line":280,"column":8},"end":{"line":289,"column":9}}],"line":280},"95":{"loc":{"start":{"line":280,"column":12},"end":{"line":282,"column":31}},"type":"binary-expr","locations":[{"start":{"line":280,"column":12},"end":{"line":280,"column":39}},{"start":{"line":281,"column":15},"end":{"line":281,"column":42}},{"start":{"line":282,"column":15},"end":{"line":282,"column":31}}],"line":280},"96":{"loc":{"start":{"line":286,"column":13},"end":{"line":289,"column":9}},"type":"if","locations":[{"start":{"line":286,"column":13},"end":{"line":289,"column":9}},{"start":{"line":286,"column":13},"end":{"line":289,"column":9}}],"line":286},"97":{"loc":{"start":{"line":286,"column":17},"end":{"line":286,"column":57}},"type":"binary-expr","locations":[{"start":{"line":286,"column":17},"end":{"line":286,"column":32}},{"start":{"line":286,"column":36},"end":{"line":286,"column":57}}],"line":286},"98":{"loc":{"start":{"line":292,"column":12},"end":{"line":310,"column":13}},"type":"if","locations":[{"start":{"line":292,"column":12},"end":{"line":310,"column":13}},{"start":{"line":292,"column":12},"end":{"line":310,"column":13}}],"line":292},"99":{"loc":{"start":{"line":292,"column":16},"end":{"line":292,"column":47}},"type":"binary-expr","locations":[{"start":{"line":292,"column":16},"end":{"line":292,"column":32}},{"start":{"line":292,"column":36},"end":{"line":292,"column":47}}],"line":292},"100":{"loc":{"start":{"line":295,"column":17},"end":{"line":310,"column":13}},"type":"if","locations":[{"start":{"line":295,"column":17},"end":{"line":310,"column":13}},{"start":{"line":295,"column":17},"end":{"line":310,"column":13}}],"line":295},"101":{"loc":{"start":{"line":302,"column":20},"end":{"line":308,"column":21}},"type":"if","locations":[{"start":{"line":302,"column":20},"end":{"line":308,"column":21}},{"start":{"line":302,"column":20},"end":{"line":308,"column":21}}],"line":302},"102":{"loc":{"start":{"line":302,"column":24},"end":{"line":302,"column":61}},"type":"binary-expr","locations":[{"start":{"line":302,"column":24},"end":{"line":302,"column":43}},{"start":{"line":302,"column":47},"end":{"line":302,"column":61}}],"line":302},"103":{"loc":{"start":{"line":311,"column":26},"end":{"line":313,"column":26}},"type":"cond-expr","locations":[{"start":{"line":312,"column":18},"end":{"line":312,"column":36}},{"start":{"line":313,"column":18},"end":{"line":313,"column":26}}],"line":311},"104":{"loc":{"start":{"line":318,"column":53},"end":{"line":320,"column":18}},"type":"cond-expr","locations":[{"start":{"line":319,"column":14},"end":{"line":319,"column":59}},{"start":{"line":320,"column":14},"end":{"line":320,"column":18}}],"line":318},"105":{"loc":{"start":{"line":318,"column":53},"end":{"line":318,"column":116}},"type":"binary-expr","locations":[{"start":{"line":318,"column":53},"end":{"line":318,"column":69}},{"start":{"line":318,"column":73},"end":{"line":318,"column":84}},{"start":{"line":318,"column":88},"end":{"line":318,"column":116}}],"line":318},"106":{"loc":{"start":{"line":323,"column":53},"end":{"line":325,"column":45}},"type":"cond-expr","locations":[{"start":{"line":324,"column":14},"end":{"line":324,"column":18}},{"start":{"line":325,"column":14},"end":{"line":325,"column":45}}],"line":323},"107":{"loc":{"start":{"line":328,"column":53},"end":{"line":330,"column":49}},"type":"cond-expr","locations":[{"start":{"line":329,"column":14},"end":{"line":329,"column":18}},{"start":{"line":330,"column":14},"end":{"line":330,"column":49}}],"line":328},"108":{"loc":{"start":{"line":333,"column":53},"end":{"line":335,"column":42}},"type":"cond-expr","locations":[{"start":{"line":334,"column":14},"end":{"line":334,"column":18}},{"start":{"line":335,"column":14},"end":{"line":335,"column":42}}],"line":333},"109":{"loc":{"start":{"line":338,"column":53},"end":{"line":340,"column":46}},"type":"cond-expr","locations":[{"start":{"line":339,"column":14},"end":{"line":339,"column":18}},{"start":{"line":340,"column":14},"end":{"line":340,"column":46}}],"line":338},"110":{"loc":{"start":{"line":343,"column":8},"end":{"line":343,"column":60}},"type":"if","locations":[{"start":{"line":343,"column":8},"end":{"line":343,"column":60}},{"start":{"line":343,"column":8},"end":{"line":343,"column":60}}],"line":343},"111":{"loc":{"start":{"line":344,"column":8},"end":{"line":344,"column":62}},"type":"if","locations":[{"start":{"line":344,"column":8},"end":{"line":344,"column":62}},{"start":{"line":344,"column":8},"end":{"line":344,"column":62}}],"line":344},"112":{"loc":{"start":{"line":347,"column":21},"end":{"line":348,"column":79}},"type":"binary-expr","locations":[{"start":{"line":347,"column":22},"end":{"line":347,"column":34}},{"start":{"line":347,"column":38},"end":{"line":347,"column":48}},{"start":{"line":347,"column":52},"end":{"line":347,"column":63}},{"start":{"line":347,"column":67},"end":{"line":347,"column":76}},{"start":{"line":348,"column":20},"end":{"line":348,"column":33}},{"start":{"line":348,"column":37},"end":{"line":348,"column":48}},{"start":{"line":348,"column":52},"end":{"line":348,"column":64}},{"start":{"line":348,"column":68},"end":{"line":348,"column":78}}],"line":347},"113":{"loc":{"start":{"line":349,"column":12},"end":{"line":353,"column":13}},"type":"if","locations":[{"start":{"line":349,"column":12},"end":{"line":353,"column":13}},{"start":{"line":349,"column":12},"end":{"line":353,"column":13}}],"line":349},"114":{"loc":{"start":{"line":350,"column":31},"end":{"line":350,"column":72}},"type":"cond-expr","locations":[{"start":{"line":350,"column":45},"end":{"line":350,"column":57}},{"start":{"line":350,"column":60},"end":{"line":350,"column":72}}],"line":350},"115":{"loc":{"start":{"line":350,"column":86},"end":{"line":350,"column":128}},"type":"cond-expr","locations":[{"start":{"line":350,"column":101},"end":{"line":350,"column":113}},{"start":{"line":350,"column":116},"end":{"line":350,"column":128}}],"line":350},"116":{"loc":{"start":{"line":360,"column":12},"end":{"line":385,"column":13}},"type":"if","locations":[{"start":{"line":360,"column":12},"end":{"line":385,"column":13}},{"start":{"line":360,"column":12},"end":{"line":385,"column":13}}],"line":360},"117":{"loc":{"start":{"line":360,"column":16},"end":{"line":360,"column":47}},"type":"binary-expr","locations":[{"start":{"line":360,"column":16},"end":{"line":360,"column":32}},{"start":{"line":360,"column":36},"end":{"line":360,"column":47}}],"line":360},"118":{"loc":{"start":{"line":362,"column":16},"end":{"line":384,"column":17}},"type":"if","locations":[{"start":{"line":362,"column":16},"end":{"line":384,"column":17}},{"start":{"line":362,"column":16},"end":{"line":384,"colum
[...]
ine":721,"column":65}}],"line":721},"195":{"loc":{"start":{"line":724,"column":9},"end":{"line":729,"column":5}},"type":"if","locations":[{"start":{"line":724,"column":9},"end":{"line":729,"column":5}},{"start":{"line":724,"column":9},"end":{"line":729,"column":5}}],"line":724},"196":{"loc":{"start":{"line":727,"column":9},"end":{"line":729,"column":5}},"type":"if","locations":[{"start":{"line":727,"column":9},"end":{"line":729,"column":5}},{"start":{"line":727,"column":9},"end":{"line":729,"column":5}}],"line":727},"197":{"loc":{"start":{"line":727,"column":13},"end":{"line":727,"column":47}},"type":"binary-expr","locations":[{"start":{"line":727,"column":13},"end":{"line":727,"column":28}},{"start":{"line":727,"column":32},"end":{"line":727,"column":47}}],"line":727}},"s":{"0":1,"1":2,"2":1,"3":1,"4":1,"5":1,"6":0,"7":10,"8":0,"9":0,"10":10,"11":114,"12":40,"13":25,"14":54,"15":24,"16":23,"17":24,"18":24,"19":23,"20":23,"21":72,"22":36,"23":24,"24":25,"25":24,"26":24,"27":36,"28":137,"29":98,"30":19,"31":221,"32":59,"33":21,"34":22,"35":13,"36":23,"37":24,"38":4,"39":44,"40":1,"41":11,"42":2,"43":40,"44":2,"45":32,"46":1,"47":22,"48":1,"49":22,"50":1,"51":21,"52":1,"53":1,"54":1,"55":34,"56":1,"57":34,"58":3,"59":3,"60":10,"61":3,"62":30,"63":84,"64":2,"65":40,"66":40,"67":8,"68":8,"69":8,"70":0,"71":0,"72":0,"73":8,"74":8,"75":4,"76":40,"77":3,"78":0,"79":3,"80":37,"81":0,"82":37,"83":1,"84":0,"85":1,"86":10,"87":0,"88":10,"89":4,"90":31,"91":0,"92":31,"93":31,"94":19,"95":38,"96":38,"97":38,"98":13,"99":13,"100":31,"101":1,"102":24,"103":0,"104":24,"105":24,"106":12,"107":12,"108":4,"109":8,"110":24,"111":2,"112":31,"113":31,"114":10,"115":21,"116":12,"117":31,"118":2,"119":42,"120":0,"121":42,"122":2,"123":2,"124":2,"125":0,"126":2,"127":0,"128":2,"129":44,"130":8,"131":36,"132":18,"133":18,"134":18,"135":36,"136":36,"137":22,"138":14,"139":14,"140":44,"141":44,"142":1,"143":22,"144":1,"145":26,"146":1,"147":26,"148":1,"149":22,"150":1,"151":24,"152":2,"153":1,"154":2,"155":1,"156":2,"157":36,"158":36,"159":36,"160":18,"161":18,"162":18,"163":36,"164":1,"165":15,"166":15,"167":13,"168":13,"169":13,"170":8,"171":5,"172":4,"173":5,"174":5,"175":5,"176":5,"177":2,"178":2,"179":1,"180":0,"181":0,"182":0,"183":0,"184":0,"185":0,"186":0,"187":15,"188":1,"189":21,"190":21,"191":16,"192":5,"193":6,"194":6,"195":6,"196":2,"197":2,"198":21,"199":1,"200":21,"201":21,"202":16,"203":5,"204":8,"205":8,"206":8,"207":8,"208":8,"209":2,"210":2,"211":21,"212":3,"213":3,"214":52,"215":52,"216":32,"217":20,"218":48,"219":48,"220":48,"221":48,"222":14,"223":7,"224":14,"225":52,"226":10,"227":10,"228":10,"229":10,"230":21,"231":21,"232":21,"233":10,"234":147,"235":147,"236":34,"237":113,"238":113,"239":292,"240":292,"241":6,"242":6,"243":113,"244":107,"245":284,"246":284,"247":0,"248":0,"249":284,"250":284,"251":284,"252":23,"253":13,"254":23,"255":147,"256":1,"257":1,"258":2,"259":1,"260":26,"261":0,"262":26,"263":26,"264":40,"265":40,"266":40,"267":20,"268":20,"269":26,"270":3,"271":3,"272":7,"273":3,"274":47,"275":47,"276":102,"277":102,"278":46,"279":46,"280":13,"281":13,"282":56,"283":56,"284":56,"285":10,"286":10,"287":0,"288":47,"289":24,"290":47,"291":3,"292":0,"293":3,"294":0,"295":3,"296":0,"297":3,"298":45,"299":45,"300":15,"301":30,"302":30,"303":45,"304":1,"305":21,"306":21,"307":21,"308":16,"309":0,"310":0,"311":0,"312":0,"313":0,"314":0,"315":0,"316":0,"317":0,"318":21,"319":1,"320":18,"321":18,"322":18,"323":10,"324":0,"325":0,"326":0,"327":0,"328":0,"329":0,"330":0,"331":0,"332":0,"333":18,"334":1,"335":1,"336":2,"337":1,"338":1,"339":1,"340":0,"341":1,"342":0,"343":2,"344":1,"345":1,"346":1,"347":1,"348":1700,"349":1,"350":1,"351":0,"352":1,"353":1,"354":98,"355":2361,"356":1,"357":2361,"358":2361,"359":2361,"360":2361,"361":1500,"362":1239,"363":261,"364":261,"365":0,"366":0,"367":0,"368":1500,"369":138,"370":2361,"371":98,"372":98,"373":98,"374":167,"375":435,"376":435,"377":263,"378":172,"379":94,"380":435,"381":778,"382":45,"383":778,"384":778,"385":778,"386":778,"387":778,"388":57,"389":721,"390":254,"391":467,"392":34,"393":433,"394":2,"395":778},"f":{"0":2,"1":0,"2":10,"3":0,"4":0,"5":10,"6":114,"7":40,"8":25,"9":54,"10":24,"11":23,"12":24,"13":24,"14":23,"15":23,"16":72,"17":36,"18":24,"19":25,"20":24,"21":24,"22":36,"23":137,"24":98,"25":19,"26":221,"27":59,"28":21,"29":22,"30":13,"31":23,"32":24,"33":4,"34":44,"35":1,"36":11,"37":2,"38":40,"39":2,"40":32,"41":1,"42":22,"43":1,"44":22,"45":1,"46":21,"47":1,"48":34,"49":34,"50":3,"51":30,"52":84,"53":2,"54":40,"55":3,"56":37,"57":1,"58":10,"59":4,"60":31,"61":1,"62":24,"63":2,"64":31,"65":2,"66":42,"67":2,"68":44,"69":1,"70":22,"71":1,"72":26,"73":1,"74":26,"75":1,"76":22,"77":1,"78":24,"79":2,"80":36,"81":1,"82":15,"83":1,"84":21,"85":1,"86":21,"87":3,"88":52,"89":10,"90":147,"91":1,"92":26,"93":3,"94":47,"95":3,"96":45,"97":1,"98":21,"99":1,"100":18,"101":1,"102":2,"103":1700,"104":1,"105":1,"106":98,"107":2361,"108":167,"109":435,"110":778},"b":{"0":[1,1,1],"1":[2,0],"2":[2,2],"3":[2,8],"4":[10,9],"5":[40,74],"6":[10,30],"7":[40,26],"8":[5,20],"9":[25,11],"10":[14,40],"11":[54,42],"12":[6,18],"13":[24,12],"14":[7,16],"15":[23,11],"16":[4,12],"17":[4,20],"18":[24,10,8],"19":[2,18],"20":[4,20],"21":[24,10,8],"22":[2,18],"23":[3,20],"24":[23,11,9],"25":[2,18],"26":[5,18],"27":[23,11,9],"28":[2,16],"29":[26,46],"30":[2,44],"31":[10,26],"32":[36,14],"33":[2,24],"34":[4,20],"35":[24,8],"36":[2,18],"37":[3,22],"38":[25,9],"39":[2,20],"40":[4,20],"41":[24,8],"42":[2,18],"43":[14,10],"44":[2,34],"45":[36,35],"46":[66,71],"47":[78,20],"48":[3,16],"49":[19,17],"50":[176,45],"51":[11,48],"52":[59,58,34,16],"53":[3,18],"54":[21,19,7,5],"55":[2,20],"56":[22,4],"57":[9,4],"58":[13,11],"59":[3,20],"60":[23,22],"61":[20,4],"62":[24,22,20],"63":[6,38],"64":[9,2],"65":[8,32],"66":[16,16],"67":[1,21],"68":[1,21],"69":[2,19],"70":[21,20],"71":[1,0],"72":[16,14],"73":[8,32],"74":[8,0],"75":[4,4],"76":[4,4],"77":[0,3],"78":[0,37],"79":[7,30],"80":[0,1],"81":[0,10],"82":[2,8],"83":[10,4,3],"84":[0,31],"85":[19,12],"86":[13,25],"87":[0,24],"88":[12,12],"89":[4,8],"90":[10,21],"91":[12,9],"92":[0,42],"93":[7,35],"94":[0,2],"95":[2,1,1],"96":[0,2],"97":[2,1],"98":[8,36],"99":[44,40],"100":[18,18],"101":[22,14],"102":[36,22],"103":[22,22],"104":[20,2],"105":[22,20,18],"106":[8,18],"107":[10,16],"108":[10,12],"109":[14,10],"110":[1,1],"111":[1,1],"112":[36,26,22,10,22,14,10,8],"113":[18,18],"114":[4,14],"115":[4,14],"116":[13,2],"117":[15,14],"118":[8,5],"119":[13,8],"120":[4,1],"121":[2,3],"122":[0,0],"123":[16,5],"124":[21,19],"125":[2,4],"126":[16,5],"127":[21,19],"128":[2,6],"129":[32,20],"130":[52,48],"131":[14,34],"132":[7,7],"133":[34,113],"134":[147,141],"135":[6,286],"136":[107,6],"137":[0,284],"138":[23,261],"139":[13,10],"140":[0,26],"141":[20,20],"142":[46,56],"143":[13,33],"144":[56,0],"145":[56,56,56,56],"146":[10,46],"147":[24,23],"148":[0,3],"149":[0,3],"150":[0,3],"151":[3,3],"152":[15,30],"153":[30,0],"154":[21,0],"155":[16,5],"156":[0,0],"157":[0,0],"158":[0,0],"159":[0,0],"160":[18,0],"161":[10,8],"162":[0,0],"163":[0,0],"164":[0,0],"165":[0,0],"166":[1,1],"167":[0,1],"168":[1,0],"169":[1,1],"170":[1,0],"171":[1,1],"172":[0,1],"173":[1,0],"174":[1,2360],"175":[1500,861],"176":[2361,1500],"177":[1239,261],"178":[261,0],"179":[261,261],"180":[0,0],"181":[0,0],"182":[138,1362],"183":[1500,138],"184":[861,1500],"185":[263,172],"186":[94,78],"187":[0,94],"188":[45,733],"189":[778,778,778],"190":[8,770],"191":[778,513,131,105,8],"192":[57,721],"193":[254,467],"194":[721,254],"195":[34,433],"196":[2,431],"197":[433,406]},"_coverageSchema":"43e27e138ebf9cfc5966b082cf9a028302ed4184","hash":"86995c252bc3c4b921446227c2d52d84ef70366b","contentHash":"717e3118c1ce9240156d17899374e99c"},"C:\\Users\\kenny\\workspaces\\js-spec\\src\\main\\api\\SpecError.ts":{"path":"C:\\Users\\kenny\\workspaces\\js-spec\\src\\main\\api\\SpecError.ts","statementMap":{"0":{"start":{"line":2,"column":16},"end":{"line":14,"column":4}},"1":{"start":{"line":3,"column":24},"end":{"line":8,"column":5}},"2":{"start":{"line":4,"column":8},"end":{"line":6,"column":87}},"3":{"start":{"line":5,"column":69},"end":{"line":5,"column":85}},"4":{"start":{"line":6,"column":30},"end":{"line":6,"column":84}},"5":{"start":{"line":6,"column":47},"end":{"line":6,"column":84}},"6":{"start":{"line":6,"column":72},"end":{"line":6,"column":84}},"7":{"start":{"line":7,"column":8},"end":{"line":7,"column":35}},"8":{"start":{"line":9,"column":4},"end":{"line":13,"column":6}},"9":{"start":{"line":10,"column":8},"end":{"line":10,"column":28}},"10":{"start":{"line":11,"column":24},"end":{"line":11,"column":45}},"11":{"start":{"line":12,"column":8},"end":{"line":12,"column":93}},"12":{"start":{"line":15,"column":0},"end":{"line":15,"column":62}},"13":{"start":{"line":16,"column":17},"end":{"line":35,"column":8}},"14":{"start":{"line":17,"column":4},"end":{"line":17,"column":33}},"15":{"start":{"line":19,"column":8},"end":{"line":19,"column":45}},"16":{"start":{"line":19,"column":31},"end":{"line":19,"column":43}},"17":{"start":{"line":20,"column":8},"end":{"line":20,"column":45}},"18":{"start":{"line":20,"column":31},"end":{"line":20,"column":43}},"19":{"start":{"line":21,"column":20},"end":{"line":21,"column":45}},"20":{"start":{"line":22,"column":19},"end":{"line":22,"column":53}},"21":{"start":{"line":23,"column":8},"end":{"line":23,"column":31}},"22":{"start":{"line":24,"column":8},"end":{"line":24,"column":25}},"23":{"start":{"line":25,"column":8},"end":{"line":25,"column":25}},"24":{"start":{"line":26,"column":8},"end":{"line":26,"column":28}},"25":{"start":{"line":27,"column":8},"end":{"line":27,"column":20}},"26":{"start":{"line":29,"column":4},"end":{"line":33,"column":6}},"27":{"start":{"line":30,"column":8},"end":{"line":32,"column":61}},"28":{"start":{"line":34,"column":4},"end":{"line":34,"column":21}},"29":{"start":{"line":36,"column":0},"end":{"line":36,"column":28}}},"fnMap":{"0":{"name":"(anonymous_0)","decl":{"start":{"line":2,"column":45},"end":{"line":2,"column":46}},"loc":{"start":{"line":2,"column":57},"end":{"line":14,"column":1}},"line":2},"1":{"name":"(anonymous_1)","decl":{"start":{"line":3,"column":24},"end":{"line":3,"column":25}},"loc":{"start":{"line":3,"column":40},"end":{"line":8,"column":5}},"line":3},"2":{"name":"(anonymous_2)","decl":{"start":{"line":5,"column":51},"end":{"line":5,"column":52}},"loc":{"start":{"line":5,"column":67},"end":{"line":5,"column":87}},"line":5},"3":{"name":"(anonymous_3)","decl":{"start":{"line":6,"column":12},"end":{"line":6,"column":13}},"loc":{"start":{"line":6,"column":28},"end":{"line":6,"column":86}},"line":6},"4":{"name":"(anonymous_4)","decl":{"start":{"line":9,"column":11},"end":{"line":9,"column":12}},"loc":{"start":{"line":9,"column":27},"end":{"line":13,"column":5}},"line":9},"5":{"name":"__","decl":{"start":{"line":11,"column":17},"end":{"line":11,"column":19}},"loc":{"start":{"line":11,"column":22},"end":{"line":11,"column":47}},"line":11},"6":{"name":"(anonymous_6)","decl":{"start":{"line":16,"column":17},"end":{"line":16,"column":18}},"loc":{"start":{"line":16,"column":35},"end":{"line":35,"column":1}},"line":16},"7":{"name":"SpecError","decl":{"start":{"line":18,"column":13},"end":{"line":18,"column":22}},"loc":{"start":{"line":18,"column":44},"end":{"line":28,"column":5}},"line":18},"8":{"name":"(anonymous_8)","decl":{"start":{"line":29,"column":35},"end":{"line":29,"column":36}},"loc":{"start":{"line":29,"column":47},"end":{"line":33,"column":5}},"line":29}},"branchMap":{"0":{"loc":{"start":{"line":2,"column":16},"end":{"line":14,"column":4}},"type":"binary-expr","locations":[{"start":{"line":2,"column":17},"end":{"line":2,"column":21}},{"start":{"line":2,"column":25},"end":{"line":2,"column":39}},{"start":{"line":2,"column":44},"end":{"line":14,"column":4}}],"line":2},"1":{"loc":{"start":{"line":4,"column":24},"end":{"line":6,"column":86}},"type":"binary-expr","locations":[{"start":{"line":4,"column":24},"end":{"line":4,"column":45}},{"start":{"line":5,"column":13},"end":{"line":5,"column":47}},{"start":{"line":5,"column":51},"end":{"line":5,"column":87}},{"start":{"line":6,"column":12},"end":{"line":6,"column":86}}],"line":4},"2":{"loc":{"start":{"line":6,"column":47},"end":{"line":6,"column":84}},"type":"if","locations":[{"start":{"line":6,"column":47},"end":{"line":6,"column":84}},{"start":{"line":6,"column":47},"end":{"line":6,"column":84}}],"line":6},"3":{"loc":{"start":{"line":12,"column":22},"end":{"line":12,"column":92}},"type":"cond-expr","locations":[{"start":{"line":12,"column":35},"end":{"line":12,"column":51}},{"start":{"line":12,"column":55},"end":{"line":12,"column":91}}],"line":12},"4":{"loc":{"start":{"line":19,"column":8},"end":{"line":19,"column":45}},"type":"if","locations":[{"start":{"line":19,"column":8},"end":{"line":19,"column":45}},{"start":{"line":19,"column":8},"end":{"line":19,"column":45}}],"line":19},"5":{"loc":{"start":{"line":20,"column":8},"end":{"line":20,"column":45}},"type":"if","locations":[{"start":{"line":20,"column":8},"end":{"line":20,"column":45}},{"start":{"line":20,"column":8},"end":{"line":20,"column":45}}],"line":20},"6":{"loc":{"start":{"line":21,"column":20},"end":{"line":21,"column":45}},"type":"binary-expr","locations":[{"start":{"line":21,"column":20},"end":{"line":21,"column":37}},{"start":{"line":21,"column":41},"end":{"line":21,"column":45}}],"line":21},"7":{"loc":{"start":{"line":32,"column":15},"end":{"line":32,"column":59}},"type":"cond-expr","locations":[{"start":{"line":32,"column":27},"end":{"line":32,"column":54}},{"start":{"line":32,"column":57},"end":{"line":32,"column":59}}],"line":32}},"s":{"0":1,"1":1,"2":1,"3":0,"4":0,"5":0,"6":0,"7":1,"8":1,"9":1,"10":1,"11":1,"12":1,"13":1,"14":1,"15":1849,"16":0,"17":1849,"18":0,"19":1849,"20":1849,"21":1849,"22":1849,"23":1849,"24":1849,"25":1849,"26":1,"27":0,"28":1,"29":1},"f":{"0":1,"1":1,"2":0,"3":0,"4":1,"5":1,"6":1,"7":1849,"8":0},"b":{"0":[1,1,1],"1":[1,0,0,0],"2":[0,0],"3":[0,1],"4":[0,1849],"5":[0,1849],"6":[1849,0],"7":[0,0]},"_coverageSchema":"43e27e138ebf9cfc5966b082cf9a028302ed4184","hash":"45438fa7ab918e72aaf3ac34c79200cbe7645ace","contentHash":"af7d927a030405bc971571fd2e67b9c0"},"C:\\Users\\kenny\\workspaces\\js-spec\\src\\main\\internal\\createSpecError.ts":{"path":"C:\\Users\\kenny\\workspaces\\js-spec\\src\\main\\internal\\createSpecError.ts","statementMap":{"0":{"start":{"line":2,"column":22},"end":{"line":4,"column":1}},"1":{"start":{"line":3,"column":4},"end":{"line":3,"column":62}},"2":{"start":{"line":5,"column":0},"end":{"line":5,"column":62}},"3":{"start":{"line":6,"column":18},"end":{"line":6,"column":62}},"4":{"start":{"line":8,"column":21},"end":{"line":10,"column":25}},"5":{"start":{"line":11,"column":4},"end":{"line":11,"column":61}},"6":{"start":{"line":13,"column":0},"end":{"line":13,"column":34}}},"fnMap":{"0":{"name":"(anonymous_0)","decl":{"start":{"line":2,"column":56},"end":{"line":2,"column":57}},"loc":{"start":{"line":2,"column":71},"end":{"line":4,"column":1}},"line":2},"1":{"name":"createSpecError","decl":{"start":{"line":7,"column":9},"end":{"line":7,"column":24}},"loc":{"start":{"line":7,"column":39},"end":{"line":12,"column":1}},"line":7}},"branchMap":{"0":{"loc":{"start":{"line":2,"column":22},"end":{"line":4,"column":1}},"type":"binary-expr","locations":[{"start":{"line":2,"column":23},"end":{"line":2,"column":27}},{"start":{"line":2,"column":31},"end":{"line":2,"column":51}},{"start":{"line":2,"column":56},"end":{"line":4,"column":1}}],"line":2},"1":{"loc":{"start":{"line":3,"column":11},"end":{"line":3,"column":61}},"type":"cond-expr","locations":[{"start":{"line":3,"column":37},"end":{"line":3,"column":40}},{"start":{"line":3,"column":43},"end":{"line":3,"column":61}}],"line":3},"2":{"loc":{"start":{"line":3,"column":12},"end":{"line":3,"column":33}},"type":"binary-expr","locations":[{"start":{"line":3,"column":12},"end":{"line":3,"column":15}},{"start":{"line":3,"column":19},"end":{"line":3,"column":33}}],"line":3},"3":{"loc":{"start":{"line":9,"column":11},"end":{"line":9,"column":43}},"type":"cond-expr","locations":[{"start":{"line":9,"column":18},"end":{"line":9,"column":38}},{"start":{"line":9,"column":41},"end":{"line":9,"column":43}}],"line":9}},"s":{"0":1,"1":1,"2":1,"3":1,"4":1848,"5":1848,"6":1},"f":{"0":1,"1":1848},"b":{"0":[1,1,1],"1":[1,0],"2":[1,1],"3":[851,997]},"_coverageSchema":"43e27e138ebf9cfc5966b082cf9a028302ed4184","hash":"c7dff9ba58c4a4d4ca2f265875b621e908d123af","contentHash":"4e0966ed0a600f1b01f065de744ca221"},"C:\\Users\\kenny\\workspaces\\js-spec\\src\\main\\js-spec.noop.ts":{"path":"C:\\Users\\kenny\\workspaces\\js-spec\\src\\main\\js-spec.noop.ts","statementMap":{"0":{"start":{"line":2,"column":22},"end":{"line":4,"column":1}},"1":{"start":{"line":3,"column":4},"end":{"line":3,"column":62}},"2":{"start":{"line":5,"column":0},"end":{"line":5,"column":62}},"3":{"start":{"line":6,"column":18},"end":{"line":6,"column":61}},"4":{"start":{"line":7,"column":0},"end":{"line":7,"column":40}},"5":{"start":{"line":8,"column":11},"end":{"line":8,"column":13}},"6":{"start":{"line":9,"column":0},"end":{"line":9,"column":20}},"7":{"start":{"line":10,"column":21},"end":{"line":10,"column":40}},"8":{"start":{"line":10,"column":54},"end":{"line":10,"column":82}},"9":{"start":{"line":10,"column":68},"end":{"line":10,"column":80}},"10":{"start":{"line":11,"column":0},"end":{"line":11,"column":50}},"11":{"start":{"line":11,"column":35},"end":{"line":11,"column":47}},"12":{"start":{"line":12,"column":0},"end":{"line":12,"column":56}},"13":{"start":{"line":12,"column":36},"end":{"line":12,"column":53}},"14":{"start":{"line":13,"column":0},"end":{"line":15,"column":1}},"15":{"start":{"line":14,"column":4},"end":{"line":14,"column":40}},"16":{"start":{"line":16,"column":0},"end":{"line":16,"column":20}},"17":{"start":{"line":18,"column":4},"end":{"line":84,"column":6}}},"fnMap":{"0":{"name":"(anonymous_0)","decl":{"start":{"line":2,"column":56},"end":{"line":2,"column":57}},"loc":{"start":{"line":2,"column":71},"end":{"line":4,"column":1}},"line":2},"1":{"name":"(anonymous_1)","decl":{"start":{"line":10,"column":54},"end":{"line":10,"column":55}},"loc":{"start":{"line":10,"column":66},"end":{"line":10,"column":82}},"line":10},"2":{"name":"(anonymous_2)","decl":{"start":{"line":11,"column":21},"end":{"line":11,"column":22}},"loc":{"start":{"line":11,"column":33},"end":{"line":11,"column":49}},"line":11},"3":{"name":"(anonymous_3)","decl":{"start":{"line":12,"column":22},"end":{"line":12,"column":23}},"loc":{"start":{"line":12,"column":34},"end":{"line":12,"column":55}},"line":12},"4":{"name":"getValidatorNames","decl":{"start":{"line":17,"column":9},"end":{"line":17,"column":26}},"loc":{"start":{"line":17,"column":29},"end":{"line":85,"column":1}},"line":17}},"branchMap":{"0":{"loc":{"start":{"line":2,"column":22},"end":{"line":4,"column":1}},"type":"binary-expr","locations":[{"start":{"line":2,"column":23},"end":{"line":2,"column":27}},{"start":{"line":2,"column":31},"end":{"line":2,"column":51}},{"start":{"line":2,"column":56},"end":{"line":4,"column":1}}],"line":2},"1":{"loc":{"start":{"line":3,"column":11},"end":{"line":3,"column":61}},"type":"cond-expr","locations":[{"start":{"line":3,"column":37},"end":{"line":3,"column":40}},{"start":{"line":3,"column":43},"end":{"line":3,"column":61}}],"line":3},"2":{"loc":{"start":{"line":3,"column":12},"end":{"line":3,"column":33}},"type":"binary-expr","locations":[{"start":{"line":3,"column":12},"end":{"line":3,"column":15}},{"start":{"line":3,"column":19},"end":{"line":3,"column":33}}],"line":3}},"s":{"0":1,"1":1,"2":1,"3":1,"4":1,"5":1,"6":1,"7":1,"8":1,"9":0,"10":1,"11":0,"12":1,"13":0,"14":1,"15":65,"16":1,"17":1},"f":{"0":1,"1":0,"2":0,"3":0,"4":1},"b":{"0":[1,1,1],"1":[1,0],"2":[1,1]},"_coverageSchema":"43e27e138ebf9cfc5966b082cf9a028302ed4184","hash":"fc25006ca20735179dec4e0ce8d5e1d09318e331","contentHash":"e51fcf1a8418a5fa55a5eff63c7339fb"}}